\BOOKMARK [0][-]{chapter.1}{Search for new physics in tautau final states}{}% 1
\BOOKMARK [1][-]{section.1.1}{Signal Modelling}{chapter.1}% 2
\BOOKMARK [2][-]{subsection.1.1.1}{Additional Higgs Bosons}{section.1.1}% 3
\BOOKMARK [2][-]{subsection.1.1.2}{Vector Leptoquarks}{section.1.1}% 4
\BOOKMARK [1][-]{section.1.2}{Event Selection}{chapter.1}% 5
\BOOKMARK [2][-]{subsection.1.2.1}{Trigger Requirements}{section.1.2}% 6
\BOOKMARK [2][-]{subsection.1.2.2}{Offline Requirements}{section.1.2}% 7
\BOOKMARK [1][-]{section.1.3}{Signal Extraction}{chapter.1}% 8
\BOOKMARK [1][-]{section.1.4}{Background Modelling Overview}{chapter.1}% 9
\BOOKMARK [1][-]{section.1.5}{QCD Estimation in the e Channel}{chapter.1}% 10
\BOOKMARK [1][-]{section.1.6}{Embedding Method}{chapter.1}% 11
\BOOKMARK [1][-]{section.1.7}{Fake Factor Method}{chapter.1}% 12
\BOOKMARK [2][-]{subsection.1.7.1}{Determination Regions}{section.1.7}% 13
\BOOKMARK [2][-]{subsection.1.7.2}{Parametrisation}{section.1.7}% 14
\BOOKMARK [2][-]{subsection.1.7.3}{Corrections}{section.1.7}% 15
\BOOKMARK [2][-]{subsection.1.7.4}{Applying Fake Factors}{section.1.7}% 16
\BOOKMARK [1][-]{section.1.8}{MC Corrections}{chapter.1}% 17
\BOOKMARK [1][-]{section.1.9}{Uncertainty Model}{chapter.1}% 18
\BOOKMARK [2][-]{subsection.1.9.1}{Shape uncertainties}{section.1.9}% 19
\BOOKMARK [2][-]{subsection.1.9.2}{Normalization uncertainties}{section.1.9}% 20
\BOOKMARK [2][-]{subsection.1.9.3}{Uncertainties specific to e channel}{section.1.9}% 21
\BOOKMARK [1][-]{section.1.10}{Postfit Plots}{chapter.1}% 22
\BOOKMARK [1][-]{section.1.11}{Model Independent Results}{chapter.1}% 23
\BOOKMARK [2][-]{subsection.1.11.1}{Limit Setting}{section.1.11}% 24
\BOOKMARK [2][-]{subsection.1.11.2}{Significance and Compatibility}{section.1.11}% 25
\BOOKMARK [2][-]{subsection.1.11.3}{2D Likelihood Scans}{section.1.11}% 26
\BOOKMARK [1][-]{section.1.12}{Model Dependent Limits}{chapter.1}% 27
