This is pdfTeX, Version 3.14159265-2.6-1.40.21 (TeX Live 2020) (preloaded format=pdflatex 2020.11.26)  26 JAN 2023 17:31
entering extended mode
 restricted \write18 enabled.
 %&-line parsing enabled.
**main.tex
(./main.tex
LaTeX2e <2020-02-02> patch level 5
L3 programming layer <2020-04-06>
(/usr/share/texlive/texmf-dist/tex/latex/base/report.cls
Document Class: report 2019/12/20 v1.4l Standard LaTeX document class
(/usr/share/texlive/texmf-dist/tex/latex/base/size12.clo
File: size12.clo 2019/12/20 v1.4l Standard LaTeX file (size option)
)
\c@part=\count167
\c@chapter=\count168
\c@section=\count169
\c@subsection=\count170
\c@subsubsection=\count171
\c@paragraph=\count172
\c@subparagraph=\count173
\c@figure=\count174
\c@table=\count175
\abovecaptionskip=\skip47
\belowcaptionskip=\skip48
\bibindent=\dimen134
)
(/usr/share/texlive/texmf-dist/tex/latex/amsmath/amsmath.sty
Package: amsmath 2020/01/20 v2.17e AMS math features
\@mathmargin=\skip49

For additional information on amsmath, use the `?' option.
(/usr/share/texlive/texmf-dist/tex/latex/amsmath/amstext.sty
Package: amstext 2000/06/29 v2.01 AMS text

(/usr/share/texlive/texmf-dist/tex/latex/amsmath/amsgen.sty
File: amsgen.sty 1999/11/30 v2.0 generic functions
\@emptytoks=\toks15
\ex@=\dimen135
))
(/usr/share/texlive/texmf-dist/tex/latex/amsmath/amsbsy.sty
Package: amsbsy 1999/11/29 v1.2d Bold Symbols
\pmbraise@=\dimen136
)
(/usr/share/texlive/texmf-dist/tex/latex/amsmath/amsopn.sty
Package: amsopn 2016/03/08 v2.02 operator names
)
\inf@bad=\count176
LaTeX Info: Redefining \frac on input line 227.
\uproot@=\count177
\leftroot@=\count178
LaTeX Info: Redefining \overline on input line 389.
\classnum@=\count179
\DOTSCASE@=\count180
LaTeX Info: Redefining \ldots on input line 486.
LaTeX Info: Redefining \dots on input line 489.
LaTeX Info: Redefining \cdots on input line 610.
\Mathstrutbox@=\box45
\strutbox@=\box46
\big@size=\dimen137
LaTeX Font Info:    Redeclaring font encoding OML on input line 733.
LaTeX Font Info:    Redeclaring font encoding OMS on input line 734.
\macc@depth=\count181
\c@MaxMatrixCols=\count182
\dotsspace@=\muskip16
\c@parentequation=\count183
\dspbrk@lvl=\count184
\tag@help=\toks16
\row@=\count185
\column@=\count186
\maxfields@=\count187
\andhelp@=\toks17
\eqnshift@=\dimen138
\alignsep@=\dimen139
\tagshift@=\dimen140
\tagwidth@=\dimen141
\totwidth@=\dimen142
\lineht@=\dimen143
\@envbody=\toks18
\multlinegap=\skip50
\multlinetaggap=\skip51
\mathdisplay@stack=\toks19
LaTeX Info: Redefining \[ on input line 2859.
LaTeX Info: Redefining \] on input line 2860.
)
(/usr/share/texlive/texmf-dist/tex/latex/titling/titling.sty
Package: titling 2009/09/04 v2.1d maketitle typesetting
\thanksmarkwidth=\skip52
\thanksmargin=\skip53
\droptitle=\skip54
)
(/usr/share/texlive/texmf-dist/tex/generic/babel/babel.sty
Package: babel 2020/03/22 3.42 The Babel package

(/usr/share/texlive/texmf-dist/tex/generic/babel/switch.def
File: switch.def 2020/03/22 3.42 Babel switching mechanism
)
(/usr/share/texlive/texmf-dist/tex/generic/babel-english/english.ldf
Language: english 2017/06/06 v3.3r English support from the babel system

(/usr/share/texlive/texmf-dist/tex/generic/babel/babel.def
File: babel.def 2020/03/22 3.42 Babel common definitions
\babel@savecnt=\count188
\U@D=\dimen144

(/usr/share/texlive/texmf-dist/tex/generic/babel/txtbabel.def)
\bbl@readstream=\read2
\bbl@dirlevel=\count189
)
Package babel Info: \l@british = using hyphenrules for english
(babel)             (\language0) on input line 82.
Package babel Info: \l@UKenglish = using hyphenrules for english
(babel)             (\language0) on input line 83.
Package babel Info: \l@canadian = using hyphenrules for english
(babel)             (\language0) on input line 102.
Package babel Info: \l@australian = using hyphenrules for english
(babel)             (\language0) on input line 105.
Package babel Info: \l@newzealand = using hyphenrules for english
(babel)             (\language0) on input line 108.
))
(/usr/share/texlive/texmf-dist/tex/latex/base/inputenc.sty
Package: inputenc 2018/08/11 v1.3c Input encoding file
\inpenc@prehook=\toks20
\inpenc@posthook=\toks21

(/usr/share/texlive/texmf-dist/tex/latex/ucs/utf8x.def
File: utf8x.def 2004/10/17 UCS: Input encoding UTF-8
))
(/usr/share/texlive/texmf-dist/tex/latex/ucs/ucs.sty
Package: ucs 2013/05/11 v2.2 UCS: Unicode input support

(/usr/share/texlive/texmf-dist/tex/latex/ucs/data/uni-global.def
File: uni-global.def 2013/05/13 UCS: Unicode global data
)
\uc@secondtry=\count190
\uc@combtoks=\toks22
\uc@combtoksb=\toks23
\uc@temptokena=\toks24
)
(/usr/share/texlive/texmf-dist/tex/latex/base/fontenc.sty
Package: fontenc 2020/02/11 v2.0o Standard LaTeX package
)
(/usr/share/texlive/texmf-dist/tex/latex/tikz-feynman/tikz-feynman.sty
Package: tikz-feynman 2016/02/05v1.1.0Feynman diagrams with TikZ

(/usr/share/texlive/texmf-dist/tex/latex/pgf/frontendlayer/tikz.sty
(/usr/share/texlive/texmf-dist/tex/latex/pgf/basiclayer/pgf.sty
(/usr/share/texlive/texmf-dist/tex/latex/pgf/utilities/pgfrcs.sty
(/usr/share/texlive/texmf-dist/tex/generic/pgf/utilities/pgfutil-common.tex
\pgfutil@everybye=\toks25
\pgfutil@tempdima=\dimen145
\pgfutil@tempdimb=\dimen146

(/usr/share/texlive/texmf-dist/tex/generic/pgf/utilities/pgfutil-common-lists.t
ex)) (/usr/share/texlive/texmf-dist/tex/generic/pgf/utilities/pgfutil-latex.def
\pgfutil@abb=\box47
(/usr/share/texlive/texmf-dist/tex/latex/ms/everyshi.sty
Package: everyshi 2001/05/15 v3.00 EveryShipout Package (MS)
))
(/usr/share/texlive/texmf-dist/tex/generic/pgf/utilities/pgfrcs.code.tex
(/usr/share/texlive/texmf-dist/tex/generic/pgf/pgf.revision.tex)
Package: pgfrcs 2020/01/08 v3.1.5b (3.1.5b)
))
Package: pgf 2020/01/08 v3.1.5b (3.1.5b)

(/usr/share/texlive/texmf-dist/tex/latex/pgf/basiclayer/pgfcore.sty
(/usr/share/texlive/texmf-dist/tex/latex/graphics/graphicx.sty
Package: graphicx 2019/11/30 v1.2a Enhanced LaTeX Graphics (DPC,SPQR)

(/usr/share/texlive/texmf-dist/tex/latex/graphics/keyval.sty
Package: keyval 2014/10/28 v1.15 key=value parser (DPC)
\KV@toks@=\toks26
)
(/usr/share/texlive/texmf-dist/tex/latex/graphics/graphics.sty
Package: graphics 2019/11/30 v1.4a Standard LaTeX Graphics (DPC,SPQR)

(/usr/share/texlive/texmf-dist/tex/latex/graphics/trig.sty
Package: trig 2016/01/03 v1.10 sin cos tan (DPC)
)
(/usr/share/texlive/texmf-dist/tex/latex/graphics-cfg/graphics.cfg
File: graphics.cfg 2016/06/04 v1.11 sample graphics configuration
)
Package graphics Info: Driver file: pdftex.def on input line 105.

(/usr/share/texlive/texmf-dist/tex/latex/graphics-def/pdftex.def
File: pdftex.def 2018/01/08 v1.0l Graphics/color driver for pdftex
))
\Gin@req@height=\dimen147
\Gin@req@width=\dimen148
)
(/usr/share/texlive/texmf-dist/tex/latex/pgf/systemlayer/pgfsys.sty
(/usr/share/texlive/texmf-dist/tex/generic/pgf/systemlayer/pgfsys.code.tex
Package: pgfsys 2020/01/08 v3.1.5b (3.1.5b)

(/usr/share/texlive/texmf-dist/tex/generic/pgf/utilities/pgfkeys.code.tex
\pgfkeys@pathtoks=\toks27
\pgfkeys@temptoks=\toks28

(/usr/share/texlive/texmf-dist/tex/generic/pgf/utilities/pgfkeysfiltered.code.t
ex
\pgfkeys@tmptoks=\toks29
))
\pgf@x=\dimen149
\pgf@y=\dimen150
\pgf@xa=\dimen151
\pgf@ya=\dimen152
\pgf@xb=\dimen153
\pgf@yb=\dimen154
\pgf@xc=\dimen155
\pgf@yc=\dimen156
\pgf@xd=\dimen157
\pgf@yd=\dimen158
\w@pgf@writea=\write3
\r@pgf@reada=\read3
\c@pgf@counta=\count191
\c@pgf@countb=\count192
\c@pgf@countc=\count193
\c@pgf@countd=\count194
\t@pgf@toka=\toks30
\t@pgf@tokb=\toks31
\t@pgf@tokc=\toks32
\pgf@sys@id@count=\count195
 (/usr/share/texlive/texmf-dist/tex/generic/pgf/systemlayer/pgf.cfg
File: pgf.cfg 2020/01/08 v3.1.5b (3.1.5b)
)
Driver file for pgf: pgfsys-pdftex.def

(/usr/share/texlive/texmf-dist/tex/generic/pgf/systemlayer/pgfsys-pdftex.def
File: pgfsys-pdftex.def 2020/01/08 v3.1.5b (3.1.5b)

(/usr/share/texlive/texmf-dist/tex/generic/pgf/systemlayer/pgfsys-common-pdf.de
f
File: pgfsys-common-pdf.def 2020/01/08 v3.1.5b (3.1.5b)
)))
(/usr/share/texlive/texmf-dist/tex/generic/pgf/systemlayer/pgfsyssoftpath.code.
tex
File: pgfsyssoftpath.code.tex 2020/01/08 v3.1.5b (3.1.5b)
\pgfsyssoftpath@smallbuffer@items=\count196
\pgfsyssoftpath@bigbuffer@items=\count197
)
(/usr/share/texlive/texmf-dist/tex/generic/pgf/systemlayer/pgfsysprotocol.code.
tex
File: pgfsysprotocol.code.tex 2020/01/08 v3.1.5b (3.1.5b)
)) (/usr/share/texlive/texmf-dist/tex/latex/xcolor/xcolor.sty
Package: xcolor 2016/05/11 v2.12 LaTeX color extensions (UK)

(/usr/share/texlive/texmf-dist/tex/latex/graphics-cfg/color.cfg
File: color.cfg 2016/01/02 v1.6 sample color configuration
)
Package xcolor Info: Driver file: pdftex.def on input line 225.
Package xcolor Info: Model `cmy' substituted by `cmy0' on input line 1348.
Package xcolor Info: Model `hsb' substituted by `rgb' on input line 1352.
Package xcolor Info: Model `RGB' extended on input line 1364.
Package xcolor Info: Model `HTML' substituted by `rgb' on input line 1366.
Package xcolor Info: Model `Hsb' substituted by `hsb' on input line 1367.
Package xcolor Info: Model `tHsb' substituted by `hsb' on input line 1368.
Package xcolor Info: Model `HSB' substituted by `hsb' on input line 1369.
Package xcolor Info: Model `Gray' substituted by `gray' on input line 1370.
Package xcolor Info: Model `wave' substituted by `hsb' on input line 1371.
)
(/usr/share/texlive/texmf-dist/tex/generic/pgf/basiclayer/pgfcore.code.tex
Package: pgfcore 2020/01/08 v3.1.5b (3.1.5b)

(/usr/share/texlive/texmf-dist/tex/generic/pgf/math/pgfmath.code.tex
(/usr/share/texlive/texmf-dist/tex/generic/pgf/math/pgfmathcalc.code.tex
(/usr/share/texlive/texmf-dist/tex/generic/pgf/math/pgfmathutil.code.tex)
(/usr/share/texlive/texmf-dist/tex/generic/pgf/math/pgfmathparser.code.tex
\pgfmath@dimen=\dimen159
\pgfmath@count=\count198
\pgfmath@box=\box48
\pgfmath@toks=\toks33
\pgfmath@stack@operand=\toks34
\pgfmath@stack@operation=\toks35
)
(/usr/share/texlive/texmf-dist/tex/generic/pgf/math/pgfmathfunctions.code.tex
(/usr/share/texlive/texmf-dist/tex/generic/pgf/math/pgfmathfunctions.basic.code
.tex)
(/usr/share/texlive/texmf-dist/tex/generic/pgf/math/pgfmathfunctions.trigonomet
ric.code.tex)
(/usr/share/texlive/texmf-dist/tex/generic/pgf/math/pgfmathfunctions.random.cod
e.tex)
(/usr/share/texlive/texmf-dist/tex/generic/pgf/math/pgfmathfunctions.comparison
.code.tex)
(/usr/share/texlive/texmf-dist/tex/generic/pgf/math/pgfmathfunctions.base.code.
tex)
(/usr/share/texlive/texmf-dist/tex/generic/pgf/math/pgfmathfunctions.round.code
.tex)
(/usr/share/texlive/texmf-dist/tex/generic/pgf/math/pgfmathfunctions.misc.code.
tex)
(/usr/share/texlive/texmf-dist/tex/generic/pgf/math/pgfmathfunctions.integerari
thmetics.code.tex)))
(/usr/share/texlive/texmf-dist/tex/generic/pgf/math/pgfmathfloat.code.tex
\c@pgfmathroundto@lastzeros=\count199
))
(/usr/share/texlive/texmf-dist/tex/generic/pgf/math/pgfint.code.tex)
(/usr/share/texlive/texmf-dist/tex/generic/pgf/basiclayer/pgfcorepoints.code.te
x
File: pgfcorepoints.code.tex 2020/01/08 v3.1.5b (3.1.5b)
\pgf@picminx=\dimen160
\pgf@picmaxx=\dimen161
\pgf@picminy=\dimen162
\pgf@picmaxy=\dimen163
\pgf@pathminx=\dimen164
\pgf@pathmaxx=\dimen165
\pgf@pathminy=\dimen166
\pgf@pathmaxy=\dimen167
\pgf@xx=\dimen168
\pgf@xy=\dimen169
\pgf@yx=\dimen170
\pgf@yy=\dimen171
\pgf@zx=\dimen172
\pgf@zy=\dimen173
)
(/usr/share/texlive/texmf-dist/tex/generic/pgf/basiclayer/pgfcorepathconstruct.
code.tex
File: pgfcorepathconstruct.code.tex 2020/01/08 v3.1.5b (3.1.5b)
\pgf@path@lastx=\dimen174
\pgf@path@lasty=\dimen175
)
(/usr/share/texlive/texmf-dist/tex/generic/pgf/basiclayer/pgfcorepathusage.code
.tex
File: pgfcorepathusage.code.tex 2020/01/08 v3.1.5b (3.1.5b)
\pgf@shorten@end@additional=\dimen176
\pgf@shorten@start@additional=\dimen177
)
(/usr/share/texlive/texmf-dist/tex/generic/pgf/basiclayer/pgfcorescopes.code.te
x
File: pgfcorescopes.code.tex 2020/01/08 v3.1.5b (3.1.5b)
\pgfpic=\box49
\pgf@hbox=\box50
\pgf@layerbox@main=\box51
\pgf@picture@serial@count=\count266
)
(/usr/share/texlive/texmf-dist/tex/generic/pgf/basiclayer/pgfcoregraphicstate.c
ode.tex
File: pgfcoregraphicstate.code.tex 2020/01/08 v3.1.5b (3.1.5b)
\pgflinewidth=\dimen178
)
(/usr/share/texlive/texmf-dist/tex/generic/pgf/basiclayer/pgfcoretransformation
s.code.tex
File: pgfcoretransformations.code.tex 2020/01/08 v3.1.5b (3.1.5b)
\pgf@pt@x=\dimen179
\pgf@pt@y=\dimen180
\pgf@pt@temp=\dimen181
)
(/usr/share/texlive/texmf-dist/tex/generic/pgf/basiclayer/pgfcorequick.code.tex
File: pgfcorequick.code.tex 2020/01/08 v3.1.5b (3.1.5b)
)
(/usr/share/texlive/texmf-dist/tex/generic/pgf/basiclayer/pgfcoreobjects.code.t
ex
File: pgfcoreobjects.code.tex 2020/01/08 v3.1.5b (3.1.5b)
)
(/usr/share/texlive/texmf-dist/tex/generic/pgf/basiclayer/pgfcorepathprocessing
.code.tex
File: pgfcorepathprocessing.code.tex 2020/01/08 v3.1.5b (3.1.5b)
)
(/usr/share/texlive/texmf-dist/tex/generic/pgf/basiclayer/pgfcorearrows.code.te
x
File: pgfcorearrows.code.tex 2020/01/08 v3.1.5b (3.1.5b)
\pgfarrowsep=\dimen182
)
(/usr/share/texlive/texmf-dist/tex/generic/pgf/basiclayer/pgfcoreshade.code.tex
File: pgfcoreshade.code.tex 2020/01/08 v3.1.5b (3.1.5b)
\pgf@max=\dimen183
\pgf@sys@shading@range@num=\count267
\pgf@shadingcount=\count268
)
(/usr/share/texlive/texmf-dist/tex/generic/pgf/basiclayer/pgfcoreimage.code.tex
File: pgfcoreimage.code.tex 2020/01/08 v3.1.5b (3.1.5b)

(/usr/share/texlive/texmf-dist/tex/generic/pgf/basiclayer/pgfcoreexternal.code.
tex
File: pgfcoreexternal.code.tex 2020/01/08 v3.1.5b (3.1.5b)
\pgfexternal@startupbox=\box52
))
(/usr/share/texlive/texmf-dist/tex/generic/pgf/basiclayer/pgfcorelayers.code.te
x
File: pgfcorelayers.code.tex 2020/01/08 v3.1.5b (3.1.5b)
)
(/usr/share/texlive/texmf-dist/tex/generic/pgf/basiclayer/pgfcoretransparency.c
ode.tex
File: pgfcoretransparency.code.tex 2020/01/08 v3.1.5b (3.1.5b)
)
(/usr/share/texlive/texmf-dist/tex/generic/pgf/basiclayer/pgfcorepatterns.code.
tex
File: pgfcorepatterns.code.tex 2020/01/08 v3.1.5b (3.1.5b)
)
(/usr/share/texlive/texmf-dist/tex/generic/pgf/basiclayer/pgfcorerdf.code.tex
File: pgfcorerdf.code.tex 2020/01/08 v3.1.5b (3.1.5b)
)))
(/usr/share/texlive/texmf-dist/tex/generic/pgf/modules/pgfmoduleshapes.code.tex
File: pgfmoduleshapes.code.tex 2020/01/08 v3.1.5b (3.1.5b)
\pgfnodeparttextbox=\box53
) (/usr/share/texlive/texmf-dist/tex/generic/pgf/modules/pgfmoduleplot.code.tex
File: pgfmoduleplot.code.tex 2020/01/08 v3.1.5b (3.1.5b)
)
(/usr/share/texlive/texmf-dist/tex/latex/pgf/compatibility/pgfcomp-version-0-65
.sty
Package: pgfcomp-version-0-65 2020/01/08 v3.1.5b (3.1.5b)
\pgf@nodesepstart=\dimen184
\pgf@nodesepend=\dimen185
)
(/usr/share/texlive/texmf-dist/tex/latex/pgf/compatibility/pgfcomp-version-1-18
.sty
Package: pgfcomp-version-1-18 2020/01/08 v3.1.5b (3.1.5b)
)) (/usr/share/texlive/texmf-dist/tex/latex/pgf/utilities/pgffor.sty
(/usr/share/texlive/texmf-dist/tex/latex/pgf/utilities/pgfkeys.sty
(/usr/share/texlive/texmf-dist/tex/generic/pgf/utilities/pgfkeys.code.tex))
(/usr/share/texlive/texmf-dist/tex/latex/pgf/math/pgfmath.sty
(/usr/share/texlive/texmf-dist/tex/generic/pgf/math/pgfmath.code.tex))
(/usr/share/texlive/texmf-dist/tex/generic/pgf/utilities/pgffor.code.tex
Package: pgffor 2020/01/08 v3.1.5b (3.1.5b)

(/usr/share/texlive/texmf-dist/tex/generic/pgf/math/pgfmath.code.tex)
\pgffor@iter=\dimen186
\pgffor@skip=\dimen187
\pgffor@stack=\toks36
\pgffor@toks=\toks37
))
(/usr/share/texlive/texmf-dist/tex/generic/pgf/frontendlayer/tikz/tikz.code.tex
Package: tikz 2020/01/08 v3.1.5b (3.1.5b)

(/usr/share/texlive/texmf-dist/tex/generic/pgf/libraries/pgflibraryplothandlers
.code.tex
File: pgflibraryplothandlers.code.tex 2020/01/08 v3.1.5b (3.1.5b)
\pgf@plot@mark@count=\count269
\pgfplotmarksize=\dimen188
)
\tikz@lastx=\dimen189
\tikz@lasty=\dimen190
\tikz@lastxsaved=\dimen191
\tikz@lastysaved=\dimen192
\tikz@lastmovetox=\dimen193
\tikz@lastmovetoy=\dimen194
\tikzleveldistance=\dimen195
\tikzsiblingdistance=\dimen196
\tikz@figbox=\box54
\tikz@figbox@bg=\box55
\tikz@tempbox=\box56
\tikz@tempbox@bg=\box57
\tikztreelevel=\count270
\tikznumberofchildren=\count271
\tikznumberofcurrentchild=\count272
\tikz@fig@count=\count273

(/usr/share/texlive/texmf-dist/tex/generic/pgf/modules/pgfmodulematrix.code.tex
File: pgfmodulematrix.code.tex 2020/01/08 v3.1.5b (3.1.5b)
\pgfmatrixcurrentrow=\count274
\pgfmatrixcurrentcolumn=\count275
\pgf@matrix@numberofcolumns=\count276
)
\tikz@expandcount=\count277

(/usr/share/texlive/texmf-dist/tex/generic/pgf/frontendlayer/tikz/libraries/tik
zlibrarytopaths.code.tex
File: tikzlibrarytopaths.code.tex 2020/01/08 v3.1.5b (3.1.5b)
)))
(/usr/share/texlive/texmf-dist/tex/generic/iftex/ifluatex.sty
Package: ifluatex 2019/10/25 v1.5 ifluatex legacy package. Use iftex instead.

(/usr/share/texlive/texmf-dist/tex/generic/iftex/iftex.sty
Package: iftex 2020/03/06 v1.0d TeX engine tests
))
(/usr/share/texlive/texmf-dist/tex/latex/pgfopts/pgfopts.sty
Package: pgfopts 2014/07/10 v2.1a LaTeX package options with pgfkeys
\pgfopts@list@add@a@toks=\toks38
\pgfopts@list@add@b@toks=\toks39
)
(/usr/share/texlive/texmf-dist/tex/latex/tikz-feynman/tikzlibraryfeynman.code.t
ex
(/usr/share/texlive/texmf-dist/tex/generic/pgf/libraries/pgflibraryarrows.meta.
code.tex
File: pgflibraryarrows.meta.code.tex 2020/01/08 v3.1.5b (3.1.5b)
\pgfarrowinset=\dimen197
\pgfarrowlength=\dimen198
\pgfarrowwidth=\dimen199
\pgfarrowlinewidth=\dimen256
)
(/usr/share/texlive/texmf-dist/tex/generic/pgf/frontendlayer/tikz/libraries/tik
zlibrarycalc.code.tex
File: tikzlibrarycalc.code.tex 2020/01/08 v3.1.5b (3.1.5b)
)
(/usr/share/texlive/texmf-dist/tex/generic/pgf/frontendlayer/tikz/libraries/tik
zlibrarydecorations.code.tex
(/usr/share/texlive/texmf-dist/tex/generic/pgf/modules/pgfmoduledecorations.cod
e.tex
\pgfdecoratedcompleteddistance=\dimen257
\pgfdecoratedremainingdistance=\dimen258
\pgfdecoratedinputsegmentcompleteddistance=\dimen259
\pgfdecoratedinputsegmentremainingdistance=\dimen260
\pgf@decorate@distancetomove=\dimen261
\pgf@decorate@repeatstate=\count278
\pgfdecorationsegmentamplitude=\dimen262
\pgfdecorationsegmentlength=\dimen263
)
\tikz@lib@dec@box=\box58
)
(/usr/share/texlive/texmf-dist/tex/generic/pgf/frontendlayer/tikz/libraries/tik
zlibrarydecorations.markings.code.tex
(/usr/share/texlive/texmf-dist/tex/generic/pgf/libraries/decorations/pgflibrary
decorations.markings.code.tex))
(/usr/share/texlive/texmf-dist/tex/generic/pgf/frontendlayer/tikz/libraries/tik
zlibrarydecorations.pathmorphing.code.tex
(/usr/share/texlive/texmf-dist/tex/generic/pgf/libraries/decorations/pgflibrary
decorations.pathmorphing.code.tex))
(/usr/share/texlive/texmf-dist/tex/generic/pgf/frontendlayer/tikz/libraries/tik
zlibrarydecorations.pathreplacing.code.tex
(/usr/share/texlive/texmf-dist/tex/generic/pgf/libraries/decorations/pgflibrary
decorations.pathreplacing.code.tex))
(/usr/share/texlive/texmf-dist/tex/generic/pgf/frontendlayer/tikz/libraries/gra
phs/tikzlibrarygraphs.code.tex
File: tikzlibrarygraphs.code.tex 2020/01/08 v3.1.5b (3.1.5b)
\tikz@lib@auto@number=\count279
\tikz@qnode@count=\count280
)
(/usr/share/texlive/texmf-dist/tex/generic/pgf/frontendlayer/tikz/libraries/tik
zlibrarypatterns.code.tex
File: tikzlibrarypatterns.code.tex 2020/01/08 v3.1.5b (3.1.5b)

(/usr/share/texlive/texmf-dist/tex/generic/pgf/libraries/pgflibrarypatterns.cod
e.tex
File: pgflibrarypatterns.code.tex 2020/01/08 v3.1.5b (3.1.5b)
))
(/usr/share/texlive/texmf-dist/tex/generic/pgf/frontendlayer/tikz/libraries/tik
zlibrarypositioning.code.tex
File: tikzlibrarypositioning.code.tex 2020/01/08 v3.1.5b (3.1.5b)
)
(/usr/share/texlive/texmf-dist/tex/generic/pgf/frontendlayer/tikz/libraries/tik
zlibraryshapes.geometric.code.tex
File: tikzlibraryshapes.geometric.code.tex 2020/01/08 v3.1.5b (3.1.5b)

(/usr/share/texlive/texmf-dist/tex/generic/pgf/libraries/shapes/pgflibraryshape
s.geometric.code.tex
File: pgflibraryshapes.geometric.code.tex 2020/01/08 v3.1.5b (3.1.5b)
))
(/usr/share/texlive/texmf-dist/tex/latex/tikz-feynman/tikzfeynman.keys.code.tex
))) (/usr/share/texlive/texmf-dist/tex/latex/caption/subcaption.sty
Package: subcaption 2020/01/22 v1.3d Sub-captions (AR)

(/usr/share/texlive/texmf-dist/tex/latex/caption/caption.sty
Package: caption 2020/01/03 v3.4h Customizing captions (AR)

(/usr/share/texlive/texmf-dist/tex/latex/caption/caption3.sty
Package: caption3 2020/01/03 v1.8h caption3 kernel (AR)
Package caption3 Info: TeX engine: e-TeX on input line 61.
\captionmargin=\dimen264
\captionmargin@=\dimen265
\captionwidth=\dimen266
\caption@tempdima=\dimen267
\caption@indent=\dimen268
\caption@parindent=\dimen269
\caption@hangindent=\dimen270
Package caption Info: Standard document class detected.
)
\c@caption@flags=\count281
\c@continuedfloat=\count282
)
\c@subfigure=\count283
\c@subtable=\count284
)
(/usr/share/texlive/texmf-dist/tex/latex/float/float.sty
Package: float 2001/11/08 v1.3d Float enhancements (AL)
\c@float@type=\count285
\float@exts=\toks40
\float@box=\box59
\@float@everytoks=\toks41
\@floatcapt=\box60
)
(/usr/share/texlive/texmf-dist/tex/latex/booktabs/booktabs.sty
Package: booktabs 2020/01/12 v1.61803398 Publication quality tables
\heavyrulewidth=\dimen271
\lightrulewidth=\dimen272
\cmidrulewidth=\dimen273
\belowrulesep=\dimen274
\belowbottomsep=\dimen275
\aboverulesep=\dimen276
\abovetopsep=\dimen277
\cmidrulesep=\dimen278
\cmidrulekern=\dimen279
\defaultaddspace=\dimen280
\@cmidla=\count286
\@cmidlb=\count287
\@aboverulesep=\dimen281
\@belowrulesep=\dimen282
\@thisruleclass=\count288
\@lastruleclass=\count289
\@thisrulewidth=\dimen283
)
(/usr/share/texlive/texmf-dist/tex/latex/tools/array.sty
Package: array 2019/08/31 v2.4l Tabular extension package (FMi)
\col@sep=\dimen284
\ar@mcellbox=\box61
\extrarowheight=\dimen285
\NC@list=\toks42
\extratabsurround=\skip55
\backup@length=\skip56
\ar@cellbox=\box62
)
(/usr/share/texlive/texmf-dist/tex/latex/multirow/multirow.sty
Package: multirow 2019/05/31 v2.5 Span multiple rows of a table
\multirow@colwidth=\skip57
\multirow@cntb=\count290
\multirow@dima=\skip58
\bigstrutjot=\dimen286
)
(/usr/share/texlive/texmf-dist/tex/latex/adjustbox/adjustbox.sty
Package: adjustbox 2019/01/04 v1.2 Adjusting TeX boxes (trim, clip, ...)

(/usr/share/texlive/texmf-dist/tex/latex/xkeyval/xkeyval.sty
Package: xkeyval 2014/12/03 v2.7a package option processing (HA)

(/usr/share/texlive/texmf-dist/tex/generic/xkeyval/xkeyval.tex
(/usr/share/texlive/texmf-dist/tex/generic/xkeyval/xkvutils.tex
\XKV@toks=\toks43
\XKV@tempa@toks=\toks44
)
\XKV@depth=\count291
File: xkeyval.tex 2014/12/03 v2.7a key=value parser (HA)
))
(/usr/share/texlive/texmf-dist/tex/latex/adjustbox/adjcalc.sty
Package: adjcalc 2012/05/16 v1.1 Provides advanced setlength with multiple back
-ends (calc, etex, pgfmath)
)
(/usr/share/texlive/texmf-dist/tex/latex/adjustbox/trimclip.sty
Package: trimclip 2018/04/08 v1.1 Trim and clip general TeX material

(/usr/share/texlive/texmf-dist/tex/latex/collectbox/collectbox.sty
Package: collectbox 2012/05/17 v0.4b Collect macro arguments as boxes
\collectedbox=\box63
)
\tc@llx=\dimen287
\tc@lly=\dimen288
\tc@urx=\dimen289
\tc@ury=\dimen290
Package trimclip Info: Using driver 'tc-pdftex.def'.

(/usr/share/texlive/texmf-dist/tex/latex/adjustbox/tc-pdftex.def
File: tc-pdftex.def 2019/01/04 v2.2 Clipping driver for pdftex
))
\adjbox@Width=\dimen291
\adjbox@Height=\dimen292
\adjbox@Depth=\dimen293
\adjbox@Totalheight=\dimen294
\adjbox@pwidth=\dimen295
\adjbox@pheight=\dimen296
\adjbox@pdepth=\dimen297
\adjbox@ptotalheight=\dimen298

(/usr/share/texlive/texmf-dist/tex/latex/ifoddpage/ifoddpage.sty
Package: ifoddpage 2016/04/23 v1.1 Conditionals for odd/even page detection
\c@checkoddpage=\count292
)
(/usr/share/texlive/texmf-dist/tex/latex/varwidth/varwidth.sty
Package: varwidth 2009/03/30 ver 0.92;  Variable-width minipages
\@vwid@box=\box64
\sift@deathcycles=\count293
\@vwid@loff=\dimen299
\@vwid@roff=\dimen300
))
(/usr/share/texlive/texmf-dist/tex/latex/tools/enumerate.sty
Package: enumerate 2015/07/23 v3.00 enumerate extensions (DPC)
\@enLab=\toks45
)
(/usr/share/texlive/texmf-dist/tex/latex/geometry/geometry.sty
Package: geometry 2020/01/02 v5.9 Page Geometry

(/usr/share/texlive/texmf-dist/tex/generic/iftex/ifvtex.sty
Package: ifvtex 2019/10/25 v1.7 ifvtex legacy package. Use iftex instead.
)
\Gm@cnth=\count294
\Gm@cntv=\count295
\c@Gm@tempcnt=\count296
\Gm@bindingoffset=\dimen301
\Gm@wd@mp=\dimen302
\Gm@odd@mp=\dimen303
\Gm@even@mp=\dimen304
\Gm@layoutwidth=\dimen305
\Gm@layoutheight=\dimen306
\Gm@layouthoffset=\dimen307
\Gm@layoutvoffset=\dimen308
\Gm@dimlist=\toks46
)
(/usr/share/texlive/texmf-dist/tex/latex/amsfonts/amssymb.sty
Package: amssymb 2013/01/14 v3.01 AMS font symbols

(/usr/share/texlive/texmf-dist/tex/latex/amsfonts/amsfonts.sty
Package: amsfonts 2013/01/14 v3.01 Basic AMSFonts support
\symAMSa=\mathgroup4
\symAMSb=\mathgroup5
LaTeX Font Info:    Redeclaring math symbol \hbar on input line 98.
LaTeX Font Info:    Overwriting math alphabet `\mathfrak' in version `bold'
(Font)                  U/euf/m/n --> U/euf/b/n on input line 106.
))
(/usr/share/texlive/texmf-dist/tex/latex/todonotes/todonotes.sty
Package: todonotes 2019/01/24 v1.1.2 Todonotes source and documentation.
Package: todonotes 2018/11/22

(/usr/share/texlive/texmf-dist/tex/latex/base/ifthen.sty
Package: ifthen 2014/09/29 v1.1c Standard LaTeX ifthen package (DPC)
)
(/usr/share/texlive/texmf-dist/tex/generic/pgf/frontendlayer/tikz/libraries/tik
zlibraryshadows.code.tex
File: tikzlibraryshadows.code.tex 2020/01/08 v3.1.5b (3.1.5b)

(/usr/share/texlive/texmf-dist/tex/generic/pgf/frontendlayer/tikz/libraries/tik
zlibraryfadings.code.tex
File: tikzlibraryfadings.code.tex 2020/01/08 v3.1.5b (3.1.5b)

(/usr/share/texlive/texmf-dist/tex/generic/pgf/libraries/pgflibraryfadings.code
.tex
File: pgflibraryfadings.code.tex 2020/01/08 v3.1.5b (3.1.5b)
))) (/usr/share/texlive/texmf-dist/tex/latex/tools/calc.sty
Package: calc 2017/05/25 v4.3 Infix arithmetic (KKT,FJ)
\calc@Acount=\count297
\calc@Bcount=\count298
\calc@Adimen=\dimen309
\calc@Bdimen=\dimen310
\calc@Askip=\skip59
\calc@Bskip=\skip60
LaTeX Info: Redefining \setlength on input line 80.
LaTeX Info: Redefining \addtolength on input line 81.
\calc@Ccount=\count299
\calc@Cskip=\skip61
)
\c@@todonotes@numberoftodonotes=\count300
)
(/usr/share/texlive/texmf-dist/tex/latex/hyperref/hyperref.sty
Package: hyperref 2020/01/14 v7.00d Hypertext links for LaTeX

(/usr/share/texlive/texmf-dist/tex/generic/ltxcmds/ltxcmds.sty
Package: ltxcmds 2019/12/15 v1.24 LaTeX kernel commands for general use (HO)
)
(/usr/share/texlive/texmf-dist/tex/latex/pdftexcmds/pdftexcmds.sty
Package: pdftexcmds 2019/11/24 v0.31 Utility functions of pdfTeX for LuaTeX (HO
)

(/usr/share/texlive/texmf-dist/tex/generic/infwarerr/infwarerr.sty
Package: infwarerr 2019/12/03 v1.5 Providing info/warning/error messages (HO)
)
Package pdftexcmds Info: \pdf@primitive is available.
Package pdftexcmds Info: \pdf@ifprimitive is available.
Package pdftexcmds Info: \pdfdraftmode found.
)
(/usr/share/texlive/texmf-dist/tex/generic/kvsetkeys/kvsetkeys.sty
Package: kvsetkeys 2019/12/15 v1.18 Key value parser (HO)
)
(/usr/share/texlive/texmf-dist/tex/generic/kvdefinekeys/kvdefinekeys.sty
Package: kvdefinekeys 2019-12-19 v1.6 Define keys (HO)
)
(/usr/share/texlive/texmf-dist/tex/generic/pdfescape/pdfescape.sty
Package: pdfescape 2019/12/09 v1.15 Implements pdfTeX's escape features (HO)
)
(/usr/share/texlive/texmf-dist/tex/latex/hycolor/hycolor.sty
Package: hycolor 2020-01-27 v1.10 Color options for hyperref/bookmark (HO)
)
(/usr/share/texlive/texmf-dist/tex/latex/letltxmacro/letltxmacro.sty
Package: letltxmacro 2019/12/03 v1.6 Let assignment for LaTeX macros (HO)
)
(/usr/share/texlive/texmf-dist/tex/latex/auxhook/auxhook.sty
Package: auxhook 2019-12-17 v1.6 Hooks for auxiliary files (HO)
)
(/usr/share/texlive/texmf-dist/tex/latex/kvoptions/kvoptions.sty
Package: kvoptions 2019/11/29 v3.13 Key value format for package options (HO)
)
\@linkdim=\dimen311
\Hy@linkcounter=\count301
\Hy@pagecounter=\count302

(/usr/share/texlive/texmf-dist/tex/latex/hyperref/pd1enc.def
File: pd1enc.def 2020/01/14 v7.00d Hyperref: PDFDocEncoding definition (HO)
)
(/usr/share/texlive/texmf-dist/tex/generic/intcalc/intcalc.sty
Package: intcalc 2019/12/15 v1.3 Expandable calculations with integers (HO)
)
(/usr/share/texlive/texmf-dist/tex/generic/etexcmds/etexcmds.sty
Package: etexcmds 2019/12/15 v1.7 Avoid name clashes with e-TeX commands (HO)
)
\Hy@SavedSpaceFactor=\count303
Package hyperref Info: Option `colorlinks' set `true' on input line 4421.
Package hyperref Info: Hyper figures OFF on input line 4547.
Package hyperref Info: Link nesting OFF on input line 4552.
Package hyperref Info: Hyper index ON on input line 4555.
Package hyperref Info: Plain pages OFF on input line 4562.
Package hyperref Info: Backreferencing OFF on input line 4567.
Package hyperref Info: Implicit mode ON; LaTeX internals redefined.
Package hyperref Info: Bookmarks ON on input line 4800.
\c@Hy@tempcnt=\count304

(/usr/share/texlive/texmf-dist/tex/latex/url/url.sty
\Urlmuskip=\muskip17
Package: url 2013/09/16  ver 3.4  Verb mode for urls, etc.
)
LaTeX Info: Redefining \url on input line 5159.
\XeTeXLinkMargin=\dimen312

(/usr/share/texlive/texmf-dist/tex/generic/bitset/bitset.sty
Package: bitset 2019/12/09 v1.3 Handle bit-vector datatype (HO)

(/usr/share/texlive/texmf-dist/tex/generic/bigintcalc/bigintcalc.sty
Package: bigintcalc 2019/12/15 v1.5 Expandable calculations on big integers (HO
)
))
\Fld@menulength=\count305
\Field@Width=\dimen313
\Fld@charsize=\dimen314
Package hyperref Info: Hyper figures OFF on input line 6430.
Package hyperref Info: Link nesting OFF on input line 6435.
Package hyperref Info: Hyper index ON on input line 6438.
Package hyperref Info: backreferencing OFF on input line 6445.
Package hyperref Info: Link coloring ON on input line 6448.
Package hyperref Info: Link coloring with OCG OFF on input line 6455.
Package hyperref Info: PDF/A mode OFF on input line 6460.
LaTeX Info: Redefining \ref on input line 6500.
LaTeX Info: Redefining \pageref on input line 6504.

(/usr/share/texlive/texmf-dist/tex/generic/atbegshi/atbegshi.sty
Package: atbegshi 2019/12/05 v1.19 At begin shipout hook (HO)
)
\Hy@abspage=\count306
\c@Item=\count307
\c@Hfootnote=\count308
)
Package hyperref Info: Driver (autodetected): hpdftex.

(/usr/share/texlive/texmf-dist/tex/latex/hyperref/hpdftex.def
File: hpdftex.def 2020/01/14 v7.00d Hyperref driver for pdfTeX

(/usr/share/texlive/texmf-dist/tex/latex/atveryend/atveryend.sty
Package: atveryend 2019-12-11 v1.11 Hooks at the very end of document (HO)
Package atveryend Info: \enddocument detected (standard20110627).
)
\Fld@listcount=\count309
\c@bookmark@seq@number=\count310

(/usr/share/texlive/texmf-dist/tex/latex/rerunfilecheck/rerunfilecheck.sty
Package: rerunfilecheck 2019/12/05 v1.9 Rerun checks for auxiliary files (HO)

(/usr/share/texlive/texmf-dist/tex/generic/uniquecounter/uniquecounter.sty
Package: uniquecounter 2019/12/15 v1.4 Provide unlimited unique counter (HO)
)
Package uniquecounter Info: New unique counter `rerunfilecheck' on input line 2
86.
)
\Hy@SectionHShift=\skip62
)
(/usr/share/texlive/texmf-dist/tex/latex/fancyhdr/fancyhdr.sty
Package: fancyhdr 2019/01/31 v3.10 Extensive control of page headers and footer
s
\f@nch@headwidth=\skip63
\f@nch@O@elh=\skip64
\f@nch@O@erh=\skip65
\f@nch@O@olh=\skip66
\f@nch@O@orh=\skip67
\f@nch@O@elf=\skip68
\f@nch@O@erf=\skip69
\f@nch@O@olf=\skip70
\f@nch@O@orf=\skip71
)
(/usr/share/texlive/texmf-dist/tex/latex/l3backend/l3backend-pdfmode.def
File: l3backend-pdfmode.def 2020-03-12 L3 backend support: PDF mode
\l__kernel_color_stack_int=\count311
\l__pdf_internal_box=\box65
)
(./main.aux

LaTeX Warning: Label `fig:high_mass_categories' multiply defined.


LaTeX Warning: Label `fig:model_independent_limits_by_channel' multiply defined
.

)
\openout1 = `main.aux'.

LaTeX Font Info:    Checking defaults for OML/cmm/m/it on input line 65.
LaTeX Font Info:    ... okay on input line 65.
LaTeX Font Info:    Checking defaults for OMS/cmsy/m/n on input line 65.
LaTeX Font Info:    ... okay on input line 65.
LaTeX Font Info:    Checking defaults for OT1/cmr/m/n on input line 65.
LaTeX Font Info:    ... okay on input line 65.
LaTeX Font Info:    Checking defaults for T1/cmr/m/n on input line 65.
LaTeX Font Info:    ... okay on input line 65.
LaTeX Font Info:    Checking defaults for TS1/cmr/m/n on input line 65.
LaTeX Font Info:    ... okay on input line 65.
LaTeX Font Info:    Checking defaults for OMX/cmex/m/n on input line 65.
LaTeX Font Info:    ... okay on input line 65.
LaTeX Font Info:    Checking defaults for U/cmr/m/n on input line 65.
LaTeX Font Info:    ... okay on input line 65.
LaTeX Font Info:    Checking defaults for PD1/pdf/m/n on input line 65.
LaTeX Font Info:    ... okay on input line 65.
 (/usr/share/texlive/texmf-dist/tex/latex/ucs/ucsencs.def
File: ucsencs.def 2011/01/21 Fixes to fontencodings LGR, T3
)
ABD: EveryShipout initializing macros
(/usr/share/texlive/texmf-dist/tex/context/base/mkii/supp-pdf.mkii
[Loading MPS to PDF converter (version 2006.09.02).]
\scratchcounter=\count312
\scratchdimen=\dimen315
\scratchbox=\box66
\nofMPsegments=\count313
\nofMParguments=\count314
\everyMPshowfont=\toks47
\MPscratchCnt=\count315
\MPscratchDim=\dimen316
\MPnumerator=\count316
\makeMPintoPDFobject=\count317
\everyMPtoPDFconversion=\toks48
) (/usr/share/texlive/texmf-dist/tex/latex/epstopdf-pkg/epstopdf-base.sty
Package: epstopdf-base 2020-01-24 v2.11 Base part for package epstopdf
Package epstopdf-base Info: Redefining graphics rule for `.eps' on input line 4
85.

(/usr/share/texlive/texmf-dist/tex/latex/latexconfig/epstopdf-sys.cfg
File: epstopdf-sys.cfg 2010/07/13 v1.3 Configuration of (r)epstopdf for TeX Liv
e
))

Package tikz-feynman Warning: LuaTeX is required if you wish to have vertices a
utomatically placed. You can disable this warning by setting /tikzfeynman/warn 
luatex=false on input line 65.


Package tikz-feynman Warning: Consider loading TikZ-Feynman with \usepackage[co
mpat=1.1.0]{tikz-feynman} so that you can be warned if TikZ-Feynman changes. on
 input line 65.

Package caption Info: Begin \AtBeginDocument code.
Package caption Info: float package is loaded.
Package caption Info: hyperref package is loaded.
Package caption Info: End \AtBeginDocument code.
*geometry* driver: auto-detecting
*geometry* detected driver: pdftex
*geometry* verbose mode - [ preamble ] result:
* driver: pdftex
* paper: a4paper
* layout: <same size as paper>
* layoutoffset:(h,v)=(0.0pt,0.0pt)
* modes: twoside 
* h-part:(L,W,R)=(85.35826pt, 426.79135pt, 85.35826pt)
* v-part:(T,H,B)=(85.35826pt, 702.78308pt, 56.9055pt)
* \paperwidth=597.50787pt
* \paperheight=845.04684pt
* \textwidth=426.79135pt
* \textheight=702.78308pt
* \oddsidemargin=13.08827pt
* \evensidemargin=13.08827pt
* \topmargin=-23.91173pt
* \headheight=12.0pt
* \headsep=25.0pt
* \topskip=12.0pt
* \footskip=30.0pt
* \marginparwidth=49.79231pt
* \marginparsep=10.0pt
* \columnsep=10.0pt
* \skip\footins=10.8pt plus 4.0pt minus 2.0pt
* \hoffset=0.0pt
* \voffset=0.0pt
* \mag=1000
* \@twocolumnfalse
* \@twosidetrue
* \@mparswitchtrue
* \@reversemarginfalse
* (1in=72.27pt=25.4mm, 1cm=28.453pt)


Package todonotes Warning: The length marginparwidth is less than 2cm and will 
most likely cause issues with the appearance of inserted todonotes. The issue c
an be solved by adding a line like \setlength {\marginparwidth }{2cm} prior to 
loading the todonotes package. on input line 65.

\AtBeginShipoutBox=\box67
Package hyperref Info: Link coloring ON on input line 65.
(/usr/share/texlive/texmf-dist/tex/latex/hyperref/nameref.sty
Package: nameref 2019/09/16 v2.46 Cross-referencing by name of section

(/usr/share/texlive/texmf-dist/tex/latex/refcount/refcount.sty
Package: refcount 2019/12/15 v3.6 Data extraction from label references (HO)
)
(/usr/share/texlive/texmf-dist/tex/generic/gettitlestring/gettitlestring.sty
Package: gettitlestring 2019/12/15 v1.6 Cleanup title references (HO)
)
\c@section@level=\count318
)
LaTeX Info: Redefining \ref on input line 65.
LaTeX Info: Redefining \pageref on input line 65.
LaTeX Info: Redefining \nameref on input line 65.

(./main.out) (./main.out)
\@outlinefile=\write4
\openout4 = `main.out'.

 (./main.toc
LaTeX Font Info:    Trying to load font information for U+msa on input line 2.

(/usr/share/texlive/texmf-dist/tex/latex/amsfonts/umsa.fd
File: umsa.fd 2013/01/14 v3.01 AMS symbols A
)
LaTeX Font Info:    Trying to load font information for U+msb on input line 2.

(/usr/share/texlive/texmf-dist/tex/latex/amsfonts/umsb.fd
File: umsb.fd 2013/01/14 v3.01 AMS symbols B
))
\tf@toc=\write5
\openout5 = `main.toc'.

 [1


{/usr/share/texlive/texmf-dist/fonts/map/pdftex/updmap/pdftex.map}]
(./Sections/bsm_H_to_tau_tau_analysis.tex
Chapter 1.
[2

]

Package tikz-feynman Warning: The key you tried to use '/graph drawing/node dis
tance' requires LuaTeX. It will be ignored. on input line 34.


Package tikz-feynman Warning: The key you tried to use '/graph drawing/level di
stance' requires LuaTeX. It will be ignored. on input line 34.


Package tikz-feynman Warning: The key you tried to use '/graph drawing/sibling 
distance' requires LuaTeX. It will be ignored. on input line 34.


Package tikz-feynman Warning: The key you tried to use '/graph drawing/node dis
tance' requires LuaTeX. It will be ignored. on input line 41.


Package tikz-feynman Warning: The key you tried to use '/graph drawing/level di
stance' requires LuaTeX. It will be ignored. on input line 41.


Package tikz-feynman Warning: The key you tried to use '/graph drawing/sibling 
distance' requires LuaTeX. It will be ignored. on input line 41.


Overfull \hbox (84.40277pt too wide) in paragraph at lines 50--51
[][] 
 []


Package tikz-feynman Warning: The key you tried to use '/graph drawing/node dis
tance' requires LuaTeX. It will be ignored. on input line 58.


Package tikz-feynman Warning: The key you tried to use '/graph drawing/level di
stance' requires LuaTeX. It will be ignored. on input line 58.


Package tikz-feynman Warning: The key you tried to use '/graph drawing/sibling 
distance' requires LuaTeX. It will be ignored. on input line 58.


Package tikz-feynman Warning: The key you tried to use '/graph drawing/node dis
tance' requires LuaTeX. It will be ignored. on input line 66.


Package tikz-feynman Warning: The key you tried to use '/graph drawing/level di
stance' requires LuaTeX. It will be ignored. on input line 66.


Package tikz-feynman Warning: The key you tried to use '/graph drawing/sibling 
distance' requires LuaTeX. It will be ignored. on input line 66.


Overfull \hbox (44.56912pt too wide) in paragraph at lines 76--77
[][] 
 []


Package tikz-feynman Warning: The key you tried to use '/graph drawing/node dis
tance' requires LuaTeX. It will be ignored. on input line 83.


Package tikz-feynman Warning: The key you tried to use '/graph drawing/level di
stance' requires LuaTeX. It will be ignored. on input line 83.


Package tikz-feynman Warning: The key you tried to use '/graph drawing/sibling 
distance' requires LuaTeX. It will be ignored. on input line 83.


Package tikz-feynman Warning: The key you tried to use '/graph drawing/node dis
tance' requires LuaTeX. It will be ignored. on input line 89.


Package tikz-feynman Warning: The key you tried to use '/graph drawing/level di
stance' requires LuaTeX. It will be ignored. on input line 89.


Package tikz-feynman Warning: The key you tried to use '/graph drawing/sibling 
distance' requires LuaTeX. It will be ignored. on input line 89.


Overfull \hbox (50.26001pt too wide) in paragraph at lines 97--98
[][] 
 []


Underfull \hbox (badness 10000) in paragraph at lines 104--108

 []


Underfull \hbox (badness 10000) in paragraph at lines 109--111

 []


Package Fancyhdr Warning: \headheight is too small (12.0pt): 
Make it at least 14.49998pt.
We now make it that large for the rest of the document.
This may cause the page layout to be inconsistent, however.

[3]
<Figures/pT_reweighting_plot_tanb10.pdf, id=185, 569.12625pt x 549.05125pt>
File: Figures/pT_reweighting_plot_tanb10.pdf Graphic file (type pdf)
<use Figures/pT_reweighting_plot_tanb10.pdf>
Package pdftex.def Info: Figures/pT_reweighting_plot_tanb10.pdf  used on input 
line 122.
(pdftex.def)             Requested size: 213.39568pt x 205.86858pt.
<Figures/pT_reweighting_plot_tanb30.pdf, id=186, 569.12625pt x 549.05125pt>
File: Figures/pT_reweighting_plot_tanb30.pdf Graphic file (type pdf)
<use Figures/pT_reweighting_plot_tanb30.pdf>
Package pdftex.def Info: Figures/pT_reweighting_plot_tanb30.pdf  used on input 
line 123.
(pdftex.def)             Requested size: 213.39568pt x 205.86858pt.


Package tikz-feynman Warning: The key you tried to use '/graph drawing/node dis
tance' requires LuaTeX. It will be ignored. on input line 139.


Package tikz-feynman Warning: The key you tried to use '/graph drawing/level di
stance' requires LuaTeX. It will be ignored. on input line 139.


Package tikz-feynman Warning: The key you tried to use '/graph drawing/sibling 
distance' requires LuaTeX. It will be ignored. on input line 139.


Package tikz-feynman Warning: The key you tried to use '/graph drawing/node dis
tance' requires LuaTeX. It will be ignored. on input line 147.


Package tikz-feynman Warning: The key you tried to use '/graph drawing/level di
stance' requires LuaTeX. It will be ignored. on input line 147.


Package tikz-feynman Warning: The key you tried to use '/graph drawing/sibling 
distance' requires LuaTeX. It will be ignored. on input line 147.


LaTeX Warning: Reference `sec:introduction' on page 4 undefined on input line 1
61.

[4 <./Figures/pT_reweighting_plot_tanb10.pdf, page is rotated 90 degrees> <./Fi
gures/pT_reweighting_plot_tanb30.pdf, page is rotated 90 degrees>]
<Figures/vlq_signal_plot_gU1p5.pdf, id=284, 569.12625pt x 549.05125pt>
File: Figures/vlq_signal_plot_gU1p5.pdf Graphic file (type pdf)
<use Figures/vlq_signal_plot_gU1p5.pdf>
Package pdftex.def Info: Figures/vlq_signal_plot_gU1p5.pdf  used on input line 
167.
(pdftex.def)             Requested size: 213.39568pt x 205.86858pt.
<Figures/vlq_signal_plot_gU2p5.pdf, id=285, 569.12625pt x 549.05125pt>
File: Figures/vlq_signal_plot_gU2p5.pdf Graphic file (type pdf)
<use Figures/vlq_signal_plot_gU2p5.pdf>
Package pdftex.def Info: Figures/vlq_signal_plot_gU2p5.pdf  used on input line 
168.
(pdftex.def)             Requested size: 213.39568pt x 205.86858pt.
<Figures/high_mass_categories.pdf, id=286, 398.48875pt x 213.79875pt>
File: Figures/high_mass_categories.pdf Graphic file (type pdf)
<use Figures/high_mass_categories.pdf>
Package pdftex.def Info: Figures/high_mass_categories.pdf  used on input line 1
97.
(pdftex.def)             Requested size: 426.79135pt x 228.99402pt.
 [5 <./Figures/vlq_signal_plot_gU1p5.pdf, page is rotated 90 degrees> <./Figure
s/vlq_signal_plot_gU2p5.pdf, page is rotated 90 degrees>]
<Figures/low_mass_categories.pdf, id=379, 398.48875pt x 398.48875pt>
File: Figures/low_mass_categories.pdf Graphic file (type pdf)
<use Figures/low_mass_categories.pdf>
Package pdftex.def Info: Figures/low_mass_categories.pdf  used on input line 20
4.
(pdftex.def)             Requested size: 426.79135pt x 426.81047pt.


LaTeX Warning: Citation `CDFPzeta' on page 6 undefined on input line 217.

LaTeX Font Info:    Trying to load font information for T1+cmtt on input line 2
21.
(/usr/share/texlive/texmf-dist/tex/latex/base/t1cmtt.fd
File: t1cmtt.fd 2019/12/16 v2.5j Standard LaTeX font definitions
) [6 <./Figures/high_mass_categories.pdf>] [7 <./Figures/low_mass_categories.pd
f>]
Underfull \hbox (badness 10000) in paragraph at lines 264--273

 []

[8]
! Undefined control sequence.
l.274 The \Wjets
                 and \ZLL processes are simulated at leading order (LO) accu...
The control sequence at the end of the top line
of your error message was never \def'ed. If you have
misspelled it (e.g., `\hobx'), type `I' and the correct
spelling (e.g., `I\hbox'). Otherwise just continue,
and I'll forget about whatever was undefined.

! Undefined control sequence.
l.274 The \Wjets and \ZLL
                          processes are simulated at leading order (LO) accu...
The control sequence at the end of the top line
of your error message was never \def'ed. If you have
misspelled it (e.g., `\hobx'), type `I' and the correct
spelling (e.g., `I\hbox'). Otherwise just continue,
and I'll forget about whatever was undefined.

! Undefined control sequence.
l.274 ...LO) accuracy in the strong coupling \alpS
                                                  , using the \MGvATNLO 2.2....
The control sequence at the end of the top line
of your error message was never \def'ed. If you have
misspelled it (e.g., `\hobx'), type `I' and the correct
spelling (e.g., `I\hbox'). Otherwise just continue,
and I'll forget about whatever was undefined.

! Undefined control sequence.
l.274 ...trong coupling \alpS, using the \MGvATNLO
                                                   2.2.2 (2.4.2) event gener...
The control sequence at the end of the top line
of your error message was never \def'ed. If you have
misspelled it (e.g., `\hobx'), type `I' and the correct
spelling (e.g., `I\hbox'). Otherwise just continue,
and I'll forget about whatever was undefined.


LaTeX Warning: Citation `Alwall:2011uj' on page 9 undefined on input line 274.


LaTeX Warning: Citation `Alwall:2014hca' on page 9 undefined on input line 274.


! Undefined control sequence.
l.276 For diboson production, \MGvATNLO
                                        is used at next-to-LO (NLO) precisio...
The control sequence at the end of the top line
of your error message was never \def'ed. If you have
misspelled it (e.g., `\hobx'), type `I' and the correct
spelling (e.g., `I\hbox'). Otherwise just continue,
and I'll forget about whatever was undefined.

! Undefined control sequence.
l.276 ...ed at next-to-LO (NLO) precision in \alpS
                                                  .
The control sequence at the end of the top line
of your error message was never \def'ed. If you have
misspelled it (e.g., `\hobx'), type `I' and the correct
spelling (e.g., `I\hbox'). Otherwise just continue,
and I'll forget about whatever was undefined.


LaTeX Warning: Citation `Frederix:2012ps' on page 9 undefined on input line 277
.


LaTeX Warning: Citation `Alwall:2007fs' on page 9 undefined on input line 277.


! Package amsmath Error: \bar allowed only in math mode.

See the amsmath package documentation for explanation.
Type  H <return>  for immediate help.
 ...                                              
                                                  
l.278 For \ttbar
                ~\cite{Alioli:2011as} and ($t$-channel) single~\PQt quark pr...

You're in trouble here.  Try typing  <return>  to proceed.
If that doesn't work, type  X <return>  to quit.


LaTeX Warning: Citation `Alioli:2011as' on page 9 undefined on input line 278.

! Undefined control sequence.
l.278 ...oli:2011as} and ($t$-channel) single~\PQt
                                                   quark production~\cite{Fr...
The control sequence at the end of the top line
of your error message was never \def'ed. If you have
misspelled it (e.g., `\hobx'), type `I' and the correct
spelling (e.g., `I\hbox'). Otherwise just continue,
and I'll forget about whatever was undefined.


LaTeX Warning: Citation `Frederix:2012dh' on page 9 undefined on input line 278
.

! Undefined control sequence.
l.278 ...s are generated at NLO precision in \alpS
                                                   using \POWHEG 2.0~\cite{N...
The control sequence at the end of the top line
of your error message was never \def'ed. If you have
misspelled it (e.g., `\hobx'), type `I' and the correct
spelling (e.g., `I\hbox'). Otherwise just continue,
and I'll forget about whatever was undefined.

! Undefined control sequence.
l.278 ...d at NLO precision in \alpS using \POWHEG
                                                   2.0~\cite{Nason:2004rx,Fr...
The control sequence at the end of the top line
of your error message was never \def'ed. If you have
misspelled it (e.g., `\hobx'), type `I' and the correct
spelling (e.g., `I\hbox'). Otherwise just continue,
and I'll forget about whatever was undefined.


LaTeX Warning: Citation `Nason:2004rx' on page 9 undefined on input line 278.


LaTeX Warning: Citation `Frixione:2007vw' on page 9 undefined on input line 278
.


LaTeX Warning: Citation `Alioli:2010xd' on page 9 undefined on input line 278.


LaTeX Warning: Citation `Jezo2015aia' on page 9 undefined on input line 278.

! Undefined control sequence.
l.279 The \POWHEG
                  version 1.0 at NLO precision is used for single~\PQt quark...
The control sequence at the end of the top line
of your error message was never \def'ed. If you have
misspelled it (e.g., `\hobx'), type `I' and the correct
spelling (e.g., `I\hbox'). Otherwise just continue,
and I'll forget about whatever was undefined.

! Undefined control sequence.
l.279 ... at NLO precision is used for single~\PQt
                                                   quark production in assoc...
The control sequence at the end of the top line
of your error message was never \def'ed. If you have
misspelled it (e.g., `\hobx'), type `I' and the correct
spelling (e.g., `I\hbox'). Otherwise just continue,
and I'll forget about whatever was undefined.

! Undefined control sequence.
l.279 ...uark production in association with a \PW
                                                   boson ($\PQt\PW$ channel)...
The control sequence at the end of the top line
of your error message was never \def'ed. If you have
misspelled it (e.g., `\hobx'), type `I' and the correct
spelling (e.g., `I\hbox'). Otherwise just continue,
and I'll forget about whatever was undefined.

! Undefined control sequence.
<recently read> \PQt 
                     
l.279 ...on in association with a \PW boson ($\PQt
                                                  \PW$ channel)~\cite{Re:201...
The control sequence at the end of the top line
of your error message was never \def'ed. If you have
misspelled it (e.g., `\hobx'), type `I' and the correct
spelling (e.g., `I\hbox'). Otherwise just continue,
and I'll forget about whatever was undefined.

! Undefined control sequence.
l.279 ...in association with a \PW boson ($\PQt\PW
                                                  $ channel)~\cite{Re:2010bp}.
The control sequence at the end of the top line
of your error message was never \def'ed. If you have
misspelled it (e.g., `\hobx'), type `I' and the correct
spelling (e.g., `I\hbox'). Otherwise just continue,
and I'll forget about whatever was undefined.


LaTeX Warning: Citation `Re:2010bp' on page 9 undefined on input line 279.

! Undefined control sequence.
l.281 When compared with data, \Wjets
                                     , \ZLL, \ttbar, and single~\PQt quark e...
The control sequence at the end of the top line
of your error message was never \def'ed. If you have
misspelled it (e.g., `\hobx'), type `I' and the correct
spelling (e.g., `I\hbox'). Otherwise just continue,
and I'll forget about whatever was undefined.

! Undefined control sequence.
l.281 When compared with data, \Wjets, \ZLL
                                           , \ttbar, and single~\PQt quark e...
The control sequence at the end of the top line
of your error message was never \def'ed. If you have
misspelled it (e.g., `\hobx'), type `I' and the correct
spelling (e.g., `I\hbox'). Otherwise just continue,
and I'll forget about whatever was undefined.


! Package amsmath Error: \bar allowed only in math mode.

See the amsmath package documentation for explanation.
Type  H <return>  for immediate help.
 ...                                              
                                                  
l.281 ... compared with data, \Wjets, \ZLL, \ttbar
                                                  , and single~\PQt quark ev...

You're in trouble here.  Try typing  <return>  to proceed.
If that doesn't work, type  X <return>  to quit.

! Undefined control sequence.
l.281 ...ta, \Wjets, \ZLL, \ttbar, and single~\PQt
                                                   quark events in the $\PQt...
The control sequence at the end of the top line
of your error message was never \def'ed. If you have
misspelled it (e.g., `\hobx'), type `I' and the correct
spelling (e.g., `I\hbox'). Otherwise just continue,
and I'll forget about whatever was undefined.

! Undefined control sequence.
<recently read> \PQt 
                     
l.281 ...and single~\PQt quark events in the $\PQt
                                                  \PW$ channel are normalize...
The control sequence at the end of the top line
of your error message was never \def'ed. If you have
misspelled it (e.g., `\hobx'), type `I' and the correct
spelling (e.g., `I\hbox'). Otherwise just continue,
and I'll forget about whatever was undefined.

! Undefined control sequence.
l.281 ... single~\PQt quark events in the $\PQt\PW
                                                  $ channel are normalized t...
The control sequence at the end of the top line
of your error message was never \def'ed. If you have
misspelled it (e.g., `\hobx'), type `I' and the correct
spelling (e.g., `I\hbox'). Otherwise just continue,
and I'll forget about whatever was undefined.

! Undefined control sequence.
l.281 ... at next-to-NLO (NNLO) precision in \alpS
                                                  ~\cite{Melnikov:2006kv,Cza...
The control sequence at the end of the top line
of your error message was never \def'ed. If you have
misspelled it (e.g., `\hobx'), type `I' and the correct
spelling (e.g., `I\hbox'). Otherwise just continue,
and I'll forget about whatever was undefined.


LaTeX Warning: Citation `Melnikov:2006kv' on page 9 undefined on input line 281
.


LaTeX Warning: Citation `Czakon:2011xx' on page 9 undefined on input line 281.


LaTeX Warning: Citation `Kidonakis:2013zqa' on page 9 undefined on input line 2
81.

! Undefined control sequence.
l.282 Single~\PQt
                  quark ($t$-channel) and diboson events are normalized to t...
The control sequence at the end of the top line
of your error message was never \def'ed. If you have
misspelled it (e.g., `\hobx'), type `I' and the correct
spelling (e.g., `I\hbox'). Otherwise just continue,
and I'll forget about whatever was undefined.

! Undefined control sequence.
l.282 ... cross sections at NLO precision in \alpS
                                                   or higher~\cite{Kidonakis...
The control sequence at the end of the top line
of your error message was never \def'ed. If you have
misspelled it (e.g., `\hobx'), type `I' and the correct
spelling (e.g., `I\hbox'). Otherwise just continue,
and I'll forget about whatever was undefined.


LaTeX Warning: Citation `Kidonakis:2013zqa' on page 9 undefined on input line 2
82.


LaTeX Warning: Citation `Campbell:2011bn' on page 9 undefined on input line 282
.


LaTeX Warning: Citation `Gehrmann:2014fva' on page 9 undefined on input line 28
2.


Package hyperref Warning: Token not allowed in a PDF string (PDFDocEncoding):
(hyperref)                removing `math shift' on input line 286.


Package hyperref Warning: Token not allowed in a PDF string (PDFDocEncoding):
(hyperref)                removing `subscript' on input line 286.


Package hyperref Warning: Token not allowed in a PDF string (PDFDocEncoding):
(hyperref)                removing `\mu' on input line 286.


Package hyperref Warning: Token not allowed in a PDF string (PDFDocEncoding):
(hyperref)                removing `subscript' on input line 286.


Package hyperref Warning: Token not allowed in a PDF string (PDFDocEncoding):
(hyperref)                removing `math shift' on input line 286.

<Figures/Embedding_Diagram.pdf, id=454, 398.48875pt x 313.17pt>
File: Figures/Embedding_Diagram.pdf Graphic file (type pdf)
<use Figures/Embedding_Diagram.pdf>
Package pdftex.def Info: Figures/Embedding_Diagram.pdf  used on input line 294.

(pdftex.def)             Requested size: 341.43437pt x 268.34132pt.

Underfull \hbox (badness 10000) in paragraph at lines 304--308

 []


Underfull \vbox (badness 10000) has occurred while \output is active []

 [9]
Underfull \hbox (badness 10000) in paragraph at lines 318--324

 []

[10 <./Figures/Embedding_Diagram.pdf>]
Underfull \hbox (badness 10000) in paragraph at lines 331--336

 []


Underfull \hbox (badness 10000) in paragraph at lines 337--339

 []

<Figures/ff_diagram_v2.pdf, id=503, 796.67719pt x 469.47046pt>
File: Figures/ff_diagram_v2.pdf Graphic file (type pdf)
<use Figures/ff_diagram_v2.pdf>
Package pdftex.def Info: Figures/ff_diagram_v2.pdf  used on input line 342.
(pdftex.def)             Requested size: 341.43437pt x 201.20215pt.

Underfull \hbox (badness 10000) in paragraph at lines 347--351

 []

[11]
Underfull \hbox (badness 10000) in paragraph at lines 371--376

 []

[12 <./Figures/ff_diagram_v2.pdf>]

LaTeX Warning: Reference `sec:uncertainties' on page 13 undefined on input line
 385.


Underfull \hbox (badness 10000) in paragraph at lines 379--386

 []

<Figures/ff_colz_ttbar_lt.pdf, id=526, 569.12625pt x 549.05125pt>
File: Figures/ff_colz_ttbar_lt.pdf Graphic file (type pdf)
<use Figures/ff_colz_ttbar_lt.pdf>
Package pdftex.def Info: Figures/ff_colz_ttbar_lt.pdf  used on input line 408.
(pdftex.def)             Requested size: 256.07741pt x 247.05402pt.
[13]
<Figures/ff_fit_jet_pt_low_0jet_pt_1_ff_qcd_tt_2018.pdf, id=535, 569.12625pt x 
549.05125pt>
File: Figures/ff_fit_jet_pt_low_0jet_pt_1_ff_qcd_tt_2018.pdf Graphic file (type
 pdf)
<use Figures/ff_fit_jet_pt_low_0jet_pt_1_ff_qcd_tt_2018.pdf>
Package pdftex.def Info: Figures/ff_fit_jet_pt_low_0jet_pt_1_ff_qcd_tt_2018.pdf
  used on input line 415.
(pdftex.def)             Requested size: 140.84192pt x 135.87175pt.
<Figures/ff_fit_jet_pt_med_0jet_pt_1_ff_qcd_tt_2018.pdf, id=536, 569.12625pt x 
549.05125pt>
File: Figures/ff_fit_jet_pt_med_0jet_pt_1_ff_qcd_tt_2018.pdf Graphic file (type
 pdf)
<use Figures/ff_fit_jet_pt_med_0jet_pt_1_ff_qcd_tt_2018.pdf>
Package pdftex.def Info: Figures/ff_fit_jet_pt_med_0jet_pt_1_ff_qcd_tt_2018.pdf
  used on input line 416.
(pdftex.def)             Requested size: 140.84192pt x 135.87175pt.
<Figures/ff_fit_jet_pt_high_0jet_pt_1_ff_qcd_tt_2018.pdf, id=537, 569.12625pt x
 549.05125pt>
File: Figures/ff_fit_jet_pt_high_0jet_pt_1_ff_qcd_tt_2018.pdf Graphic file (typ
e pdf)
<use Figures/ff_fit_jet_pt_high_0jet_pt_1_ff_qcd_tt_2018.pdf>
Package pdftex.def Info: Figures/ff_fit_jet_pt_high_0jet_pt_1_ff_qcd_tt_2018.pd
f  used on input line 417.
(pdftex.def)             Requested size: 140.84192pt x 135.87175pt.
<Figures/ff_fit_jet_pt_low_0jet_pt_2_ff_qcd_mt_2018.pdf, id=538, 569.12625pt x 
549.05125pt>
File: Figures/ff_fit_jet_pt_low_0jet_pt_2_ff_qcd_mt_2018.pdf Graphic file (type
 pdf)
<use Figures/ff_fit_jet_pt_low_0jet_pt_2_ff_qcd_mt_2018.pdf>
Package pdftex.def Info: Figures/ff_fit_jet_pt_low_0jet_pt_2_ff_qcd_mt_2018.pdf
  used on input line 424.
(pdftex.def)             Requested size: 140.84192pt x 135.87175pt.
<Figures/ff_fit_jet_pt_med_0jet_pt_2_ff_qcd_mt_2018.pdf, id=539, 569.12625pt x 
549.05125pt>
File: Figures/ff_fit_jet_pt_med_0jet_pt_2_ff_qcd_mt_2018.pdf Graphic file (type
 pdf)
<use Figures/ff_fit_jet_pt_med_0jet_pt_2_ff_qcd_mt_2018.pdf>
Package pdftex.def Info: Figures/ff_fit_jet_pt_med_0jet_pt_2_ff_qcd_mt_2018.pdf
  used on input line 425.
(pdftex.def)             Requested size: 140.84192pt x 135.87175pt.
<Figures/ff_fit_jet_pt_high_0jet_pt_2_ff_qcd_mt_2018.pdf, id=540, 569.12625pt x
 549.05125pt>
File: Figures/ff_fit_jet_pt_high_0jet_pt_2_ff_qcd_mt_2018.pdf Graphic file (typ
e pdf)
<use Figures/ff_fit_jet_pt_high_0jet_pt_2_ff_qcd_mt_2018.pdf>
Package pdftex.def Info: Figures/ff_fit_jet_pt_high_0jet_pt_2_ff_qcd_mt_2018.pd
f  used on input line 426.
(pdftex.def)             Requested size: 140.84192pt x 135.87175pt.
<Figures/ff_fit_jet_pt_low_0jet_pt_2_ff_wjets_mt_2018.pdf, id=541, 569.12625pt 
x 549.05125pt>
File: Figures/ff_fit_jet_pt_low_0jet_pt_2_ff_wjets_mt_2018.pdf Graphic file (ty
pe pdf)
<use Figures/ff_fit_jet_pt_low_0jet_pt_2_ff_wjets_mt_2018.pdf>
Package pdftex.def Info: Figures/ff_fit_jet_pt_low_0jet_pt_2_ff_wjets_mt_2018.p
df  used on input line 427.
(pdftex.def)             Requested size: 140.84192pt x 135.87175pt.
<Figures/ff_fit_jet_pt_med_0jet_pt_2_ff_wjets_mt_2018.pdf, id=542, 569.12625pt 
x 549.05125pt>
File: Figures/ff_fit_jet_pt_med_0jet_pt_2_ff_wjets_mt_2018.pdf Graphic file (ty
pe pdf)
<use Figures/ff_fit_jet_pt_med_0jet_pt_2_ff_wjets_mt_2018.pdf>
Package pdftex.def Info: Figures/ff_fit_jet_pt_med_0jet_pt_2_ff_wjets_mt_2018.p
df  used on input line 428.
(pdftex.def)             Requested size: 140.84192pt x 135.87175pt.
<Figures/ff_fit_jet_pt_high_0jet_pt_2_ff_wjets_mt_2018.pdf, id=543, 569.12625pt
 x 549.05125pt>
File: Figures/ff_fit_jet_pt_high_0jet_pt_2_ff_wjets_mt_2018.pdf Graphic file (t
ype pdf)
<use Figures/ff_fit_jet_pt_high_0jet_pt_2_ff_wjets_mt_2018.pdf>
Package pdftex.def Info: Figures/ff_fit_jet_pt_high_0jet_pt_2_ff_wjets_mt_2018.
pdf  used on input line 429.
(pdftex.def)             Requested size: 140.84192pt x 135.87175pt.
 [14 <./Figures/ff_colz_ttbar_lt.pdf, page is rotated 90 degrees> <./Figures/ff
_fit_jet_pt_low_0jet_pt_1_ff_qcd_tt_2018.pdf, page is rotated 90 degrees> <./Fi
gures/ff_fit_jet_pt_med_0jet_pt_1_ff_qcd_tt_2018.pdf, page is rotated 90 degree
s> <./Figures/ff_fit_jet_pt_high_0jet_pt_1_ff_qcd_tt_2018.pdf, page is rotated 
90 degrees>] [15 <./Figures/ff_fit_jet_pt_low_0jet_pt_2_ff_qcd_mt_2018.pdf, pag
e is rotated 90 degrees> <./Figures/ff_fit_jet_pt_med_0jet_pt_2_ff_qcd_mt_2018.
pdf, page is rotated 90 degrees> <./Figures/ff_fit_jet_pt_high_0jet_pt_2_ff_qcd
_mt_2018.pdf, page is rotated 90 degrees> <./Figures/ff_fit_jet_pt_low_0jet_pt_
2_ff_wjets_mt_2018.pdf, page is rotated 90 degrees> <./Figures/ff_fit_jet_pt_me
d_0jet_pt_2_ff_wjets_mt_2018.pdf, page is rotated 90 degrees> <./Figures/ff_fit
_jet_pt_high_0jet_pt_2_ff_wjets_mt_2018.pdf, page is rotated 90 degrees>]
<Figures/postfit_lowmass_tt_nobtag_mediumpT.pdf, id=987, 569.12625pt x 546.04pt
>
File: Figures/postfit_lowmass_tt_nobtag_mediumpT.pdf Graphic file (type pdf)
<use Figures/postfit_lowmass_tt_nobtag_mediumpT.pdf>
Package pdftex.def Info: Figures/postfit_lowmass_tt_nobtag_mediumpT.pdf  used o
n input line 457.
(pdftex.def)             Requested size: 192.0548pt x 184.26805pt.
<Figures/postfit_lowmass_tt_nobtag_highpT.pdf, id=988, 569.12625pt x 546.04pt>
File: Figures/postfit_lowmass_tt_nobtag_highpT.pdf Graphic file (type pdf)
<use Figures/postfit_lowmass_tt_nobtag_highpT.pdf>
Package pdftex.def Info: Figures/postfit_lowmass_tt_nobtag_highpT.pdf  used on 
input line 458.
(pdftex.def)             Requested size: 192.0548pt x 184.26805pt.
<Figures/postfit_lowmass_lt_nobtag_mediumpT.pdf, id=989, 569.12625pt x 546.04pt
>
File: Figures/postfit_lowmass_lt_nobtag_mediumpT.pdf Graphic file (type pdf)
<use Figures/postfit_lowmass_lt_nobtag_mediumpT.pdf>
Package pdftex.def Info: Figures/postfit_lowmass_lt_nobtag_mediumpT.pdf  used o
n input line 459.
(pdftex.def)             Requested size: 192.0548pt x 184.26805pt.
<Figures/postfit_lowmass_lt_nobtag_highpT.pdf, id=990, 569.12625pt x 546.04pt>
File: Figures/postfit_lowmass_lt_nobtag_highpT.pdf Graphic file (type pdf)
<use Figures/postfit_lowmass_lt_nobtag_highpT.pdf>
Package pdftex.def Info: Figures/postfit_lowmass_lt_nobtag_highpT.pdf  used on 
input line 460.
(pdftex.def)             Requested size: 192.0548pt x 184.26805pt.
<Figures/postfit_lowmass_em_nobtag_mediumpT.pdf, id=991, 569.12625pt x 546.04pt
>
File: Figures/postfit_lowmass_em_nobtag_mediumpT.pdf Graphic file (type pdf)
<use Figures/postfit_lowmass_em_nobtag_mediumpT.pdf>
Package pdftex.def Info: Figures/postfit_lowmass_em_nobtag_mediumpT.pdf  used o
n input line 461.
(pdftex.def)             Requested size: 192.0548pt x 184.26805pt.
<Figures/postfit_lowmass_em_nobtag_highpT.pdf, id=992, 569.12625pt x 546.04pt>
File: Figures/postfit_lowmass_em_nobtag_highpT.pdf Graphic file (type pdf)
<use Figures/postfit_lowmass_em_nobtag_highpT.pdf>
Package pdftex.def Info: Figures/postfit_lowmass_em_nobtag_highpT.pdf  used on 
input line 462.
(pdftex.def)             Requested size: 192.0548pt x 184.26805pt.
<Figures/postfit_highmass_tt_nobtag.pdf, id=993, 569.12625pt x 546.04pt>
File: Figures/postfit_highmass_tt_nobtag.pdf Graphic file (type pdf)
<use Figures/postfit_highmass_tt_nobtag.pdf>
Package pdftex.def Info: Figures/postfit_highmass_tt_nobtag.pdf  used on input 
line 469.
(pdftex.def)             Requested size: 192.0548pt x 184.26805pt.
<Figures/postfit_highmass_tt_btag.pdf, id=994, 569.12625pt x 546.04pt>
File: Figures/postfit_highmass_tt_btag.pdf Graphic file (type pdf)
<use Figures/postfit_highmass_tt_btag.pdf>
Package pdftex.def Info: Figures/postfit_highmass_tt_btag.pdf  used on input li
ne 470.
(pdftex.def)             Requested size: 192.0548pt x 184.26805pt.
<Figures/postfit_highmass_lt_nobtag_tightmT.pdf, id=995, 569.12625pt x 546.04pt
>
File: Figures/postfit_highmass_lt_nobtag_tightmT.pdf Graphic file (type pdf)
<use Figures/postfit_highmass_lt_nobtag_tightmT.pdf>
Package pdftex.def Info: Figures/postfit_highmass_lt_nobtag_tightmT.pdf  used o
n input line 471.
(pdftex.def)             Requested size: 192.0548pt x 184.26805pt.
<Figures/postfit_highmass_lt_btag_tightmT.pdf, id=996, 569.12625pt x 546.04pt>
File: Figures/postfit_highmass_lt_btag_tightmT.pdf Graphic file (type pdf)
<use Figures/postfit_highmass_lt_btag_tightmT.pdf>
Package pdftex.def Info: Figures/postfit_highmass_lt_btag_tightmT.pdf  used on 
input line 472.
(pdftex.def)             Requested size: 192.0548pt x 184.26805pt.
<Figures/postfit_highmass_em_nobtag_mediumdzeta.pdf, id=997, 569.12625pt x 546.
04pt>
File: Figures/postfit_highmass_em_nobtag_mediumdzeta.pdf Graphic file (type pdf
)
<use Figures/postfit_highmass_em_nobtag_mediumdzeta.pdf>
Package pdftex.def Info: Figures/postfit_highmass_em_nobtag_mediumdzeta.pdf  us
ed on input line 473.
(pdftex.def)             Requested size: 192.0548pt x 184.26805pt.
<Figures/postfit_highmass_em_btag_mediumdzeta.pdf, id=998, 569.12625pt x 546.04
pt>
File: Figures/postfit_highmass_em_btag_mediumdzeta.pdf Graphic file (type pdf)
<use Figures/postfit_highmass_em_btag_mediumdzeta.pdf>
Package pdftex.def Info: Figures/postfit_highmass_em_btag_mediumdzeta.pdf  used
 on input line 474.
(pdftex.def)             Requested size: 192.0548pt x 184.26805pt.
<Figures/model_independent_limit_ggH.pdf, id=999, 569.12625pt x 546.04pt>
File: Figures/model_independent_limit_ggH.pdf Graphic file (type pdf)
<use Figures/model_independent_limit_ggH.pdf>
Package pdftex.def Info: Figures/model_independent_limit_ggH.pdf  used on input
 line 491.
(pdftex.def)             Requested size: 213.39568pt x 204.7395pt.
<Figures/model_independent_limit_bbH.pdf, id=1000, 569.12625pt x 546.04pt>
File: Figures/model_independent_limit_bbH.pdf Graphic file (type pdf)
<use Figures/model_independent_limit_bbH.pdf>
Package pdftex.def Info: Figures/model_independent_limit_bbH.pdf  used on input
 line 492.
(pdftex.def)             Requested size: 213.39568pt x 204.7395pt.
<Figures/limit_comparison_mssm_ggphi.pdf, id=1001, 569.12625pt x 546.04pt>
File: Figures/limit_comparison_mssm_ggphi.pdf Graphic file (type pdf)
<use Figures/limit_comparison_mssm_ggphi.pdf>
Package pdftex.def Info: Figures/limit_comparison_mssm_ggphi.pdf  used on input
 line 499.
(pdftex.def)             Requested size: 213.39568pt x 204.7395pt.
<Figures/limit_comparison_mssm_bbphi.pdf, id=1002, 569.12625pt x 546.04pt>
File: Figures/limit_comparison_mssm_bbphi.pdf Graphic file (type pdf)
<use Figures/limit_comparison_mssm_bbphi.pdf>
Package pdftex.def Info: Figures/limit_comparison_mssm_bbphi.pdf  used on input
 line 500.
(pdftex.def)             Requested size: 213.39568pt x 204.7395pt.
<Figures/limit_comparison_gg_ATLAS.pdf, id=1003, 569.12625pt x 546.04pt>
File: Figures/limit_comparison_gg_ATLAS.pdf Graphic file (type pdf)
<use Figures/limit_comparison_gg_ATLAS.pdf>
Package pdftex.def Info: Figures/limit_comparison_gg_ATLAS.pdf  used on input l
ine 507.
(pdftex.def)             Requested size: 213.39568pt x 204.7395pt.
<Figures/limit_comparison_bb_ATLAS.pdf, id=1004, 569.12625pt x 546.04pt>
File: Figures/limit_comparison_bb_ATLAS.pdf Graphic file (type pdf)
<use Figures/limit_comparison_bb_ATLAS.pdf>
Package pdftex.def Info: Figures/limit_comparison_bb_ATLAS.pdf  used on input l
ine 508.
(pdftex.def)             Requested size: 213.39568pt x 204.7395pt.
<Figures/significance_plot_ggH.pdf, id=1005, 569.12625pt x 549.05125pt>
File: Figures/significance_plot_ggH.pdf Graphic file (type pdf)
<use Figures/significance_plot_ggH.pdf>
Package pdftex.def Info: Figures/significance_plot_ggH.pdf  used on input line 
517.
(pdftex.def)             Requested size: 213.39568pt x 205.86858pt.
<Figures/significance_plot_bbH.pdf, id=1006, 569.12625pt x 549.05125pt>
File: Figures/significance_plot_bbH.pdf Graphic file (type pdf)
<use Figures/significance_plot_bbH.pdf>
Package pdftex.def Info: Figures/significance_plot_bbH.pdf  used on input line 
518.
(pdftex.def)             Requested size: 213.39568pt x 205.86858pt.
<Figures/ChannelCompatibilityCheck_FitResults_mH100_channel.pdf, id=1007, 569.1
2625pt x 546.04pt>
File: Figures/ChannelCompatibilityCheck_FitResults_mH100_channel.pdf Graphic fi
le (type pdf)
<use Figures/ChannelCompatibilityCheck_FitResults_mH100_channel.pdf>
Package pdftex.def Info: Figures/ChannelCompatibilityCheck_FitResults_mH100_cha
nnel.pdf  used on input line 525.
(pdftex.def)             Requested size: 213.39568pt x 204.7395pt.
<Figures/ChannelCompatibilityCheck_FitResults_mH100_cat.pdf, id=1008, 569.12625
pt x 546.04pt>
File: Figures/ChannelCompatibilityCheck_FitResults_mH100_cat.pdf Graphic file (
type pdf)
<use Figures/ChannelCompatibilityCheck_FitResults_mH100_cat.pdf>
Package pdftex.def Info: Figures/ChannelCompatibilityCheck_FitResults_mH100_cat
.pdf  used on input line 526.
(pdftex.def)             Requested size: 213.39568pt x 204.7395pt.
<Figures/ccc_fit_result_mH1200_per-channel.pdf, id=1009, 569.12625pt x 546.04pt
>
File: Figures/ccc_fit_result_mH1200_per-channel.pdf Graphic file (type pdf)
<use Figures/ccc_fit_result_mH1200_per-channel.pdf>
Package pdftex.def Info: Figures/ccc_fit_result_mH1200_per-channel.pdf  used on
 input line 533.
(pdftex.def)             Requested size: 213.39568pt x 204.7395pt.
<Figures/2d_lkld_60.pdf, id=1010, 569.12625pt x 546.04pt>
File: Figures/2d_lkld_60.pdf Graphic file (type pdf)
<use Figures/2d_lkld_60.pdf>
Package pdftex.def Info: Figures/2d_lkld_60.pdf  used on input line 542.
(pdftex.def)             Requested size: 140.84192pt x 135.12657pt.
<Figures/2d_lkld_100.pdf, id=1011, 569.12625pt x 546.04pt>
File: Figures/2d_lkld_100.pdf Graphic file (type pdf)
<use Figures/2d_lkld_100.pdf>
Package pdftex.def Info: Figures/2d_lkld_100.pdf  used on input line 543.
(pdftex.def)             Requested size: 140.84192pt x 135.12657pt.
<Figures/2d_lkld_125.pdf, id=1012, 569.12625pt x 546.04pt>
File: Figures/2d_lkld_125.pdf Graphic file (type pdf)
<use Figures/2d_lkld_125.pdf>
Package pdftex.def Info: Figures/2d_lkld_125.pdf  used on input line 544.
(pdftex.def)             Requested size: 140.84192pt x 135.12657pt.
<Figures/2d_lkld_160.pdf, id=1013, 569.12625pt x 546.04pt>
File: Figures/2d_lkld_160.pdf Graphic file (type pdf)
<use Figures/2d_lkld_160.pdf>
Package pdftex.def Info: Figures/2d_lkld_160.pdf  used on input line 545.
(pdftex.def)             Requested size: 140.84192pt x 135.12657pt.
<Figures/2d_lkld_250.pdf, id=1014, 569.12625pt x 546.04pt>
File: Figures/2d_lkld_250.pdf Graphic file (type pdf)
<use Figures/2d_lkld_250.pdf>
Package pdftex.def Info: Figures/2d_lkld_250.pdf  used on input line 546.
(pdftex.def)             Requested size: 140.84192pt x 135.12657pt.
<Figures/2d_lkld_500.pdf, id=1015, 569.12625pt x 546.04pt>
File: Figures/2d_lkld_500.pdf Graphic file (type pdf)
<use Figures/2d_lkld_500.pdf>
Package pdftex.def Info: Figures/2d_lkld_500.pdf  used on input line 547.
(pdftex.def)             Requested size: 140.84192pt x 135.12657pt.
<Figures/2d_lkld_1000.pdf, id=1016, 569.12625pt x 546.04pt>
File: Figures/2d_lkld_1000.pdf Graphic file (type pdf)
<use Figures/2d_lkld_1000.pdf>
Package pdftex.def Info: Figures/2d_lkld_1000.pdf  used on input line 548.
(pdftex.def)             Requested size: 140.84192pt x 135.12657pt.
<Figures/2d_lkld_1200.pdf, id=1017, 569.12625pt x 546.04pt>
File: Figures/2d_lkld_1200.pdf Graphic file (type pdf)
<use Figures/2d_lkld_1200.pdf>
Package pdftex.def Info: Figures/2d_lkld_1200.pdf  used on input line 549.
(pdftex.def)             Requested size: 140.84192pt x 135.12657pt.
<Figures/2d_lkld_3500.pdf, id=1018, 569.12625pt x 546.04pt>
File: Figures/2d_lkld_3500.pdf Graphic file (type pdf)
<use Figures/2d_lkld_3500.pdf>
Package pdftex.def Info: Figures/2d_lkld_3500.pdf  used on input line 550.
(pdftex.def)             Requested size: 140.84192pt x 135.12657pt.
<Figures/model-dependent_limit_mh125.pdf, id=1019, 569.12625pt x 546.04pt>
File: Figures/model-dependent_limit_mh125.pdf Graphic file (type pdf)
<use Figures/model-dependent_limit_mh125.pdf>
Package pdftex.def Info: Figures/model-dependent_limit_mh125.pdf  used on input
 line 561.
(pdftex.def)             Requested size: 213.39568pt x 204.7395pt.
<Figures/model-dependent_limit_mh125EFT.pdf, id=1020, 569.12625pt x 546.04pt>
File: Figures/model-dependent_limit_mh125EFT.pdf Graphic file (type pdf)
<use Figures/model-dependent_limit_mh125EFT.pdf>
Package pdftex.def Info: Figures/model-dependent_limit_mh125EFT.pdf  used on in
put line 562.
(pdftex.def)             Requested size: 213.39568pt x 204.7395pt.
<Figures/vlq_bm_1.pdf, id=1021, 569.12625pt x 546.04pt>
File: Figures/vlq_bm_1.pdf Graphic file (type pdf)
<use Figures/vlq_bm_1.pdf>
Package pdftex.def Info: Figures/vlq_bm_1.pdf  used on input line 569.
(pdftex.def)             Requested size: 213.39568pt x 204.7395pt.
<Figures/vlq_bm_2.pdf, id=1022, 569.12625pt x 546.04pt>
File: Figures/vlq_bm_2.pdf Graphic file (type pdf)
<use Figures/vlq_bm_2.pdf>
Package pdftex.def Info: Figures/vlq_bm_2.pdf  used on input line 570.
(pdftex.def)             Requested size: 213.39568pt x 204.7395pt.
)
[16] [17 <./Figures/postfit_lowmass_tt_nobtag_mediumpT.pdf, page is rotated 90 
degrees> <./Figures/postfit_lowmass_tt_nobtag_highpT.pdf, page is rotated 90 de
grees> <./Figures/postfit_lowmass_lt_nobtag_mediumpT.pdf, page is rotated 90 de
grees> <./Figures/postfit_lowmass_lt_nobtag_highpT.pdf, page is rotated 90 degr
ees> <./Figures/postfit_lowmass_em_nobtag_mediumpT.pdf, page is rotated 90 degr
ees> <./Figures/postfit_lowmass_em_nobtag_highpT.pdf, page is rotated 90 degree
s>] [18 <./Figures/postfit_highmass_tt_nobtag.pdf, page is rotated 90 degrees> 
<./Figures/postfit_highmass_tt_btag.pdf, page is rotated 90 degrees> <./Figures
/postfit_highmass_lt_nobtag_tightmT.pdf, page is rotated 90 degrees> <./Figures
/postfit_highmass_lt_btag_tightmT.pdf, page is rotated 90 degrees> <./Figures/p
ostfit_highmass_em_nobtag_mediumdzeta.pdf, page is rotated 90 degrees> <./Figur
es/postfit_highmass_em_btag_mediumdzeta.pdf, page is rotated 90 degrees>]
[19 <./Figures/model_independent_limit_ggH.pdf, page is rotated 90 degrees> <./
Figures/model_independent_limit_bbH.pdf, page is rotated 90 degrees> <./Figures
/limit_comparison_mssm_ggphi.pdf, page is rotated 90 degrees> <./Figures/limit_
comparison_mssm_bbphi.pdf, page is rotated 90 degrees>] [20 <./Figures/limit_co
mparison_gg_ATLAS.pdf, page is rotated 90 degrees> <./Figures/limit_comparison_
bb_ATLAS.pdf, page is rotated 90 degrees> <./Figures/significance_plot_ggH.pdf,
 page is rotated 90 degrees> <./Figures/significance_plot_bbH.pdf, page is rota
ted 90 degrees>] [21 <./Figures/ChannelCompatibilityCheck_FitResults_mH100_chan
nel.pdf, page is rotated 90 degrees> <./Figures/ChannelCompatibilityCheck_FitRe
sults_mH100_cat.pdf, page is rotated 90 degrees> <./Figures/ccc_fit_result_mH12
00_per-channel.pdf, page is rotated 90 degrees>] [22 <./Figures/2d_lkld_60.pdf,
 page is rotated 90 degrees> <./Figures/2d_lkld_100.pdf, page is rotated 90 deg
rees> <./Figures/2d_lkld_125.pdf, page is rotated 90 degrees> <./Figures/2d_lkl
d_160.pdf, page is rotated 90 degrees> <./Figures/2d_lkld_250.pdf, page is rota
ted 90 degrees> <./Figures/2d_lkld_500.pdf, page is rotated 90 degrees> <./Figu
res/2d_lkld_1000.pdf, page is rotated 90 degrees> <./Figures/2d_lkld_1200.pdf, 
page is rotated 90 degrees> <./Figures/2d_lkld_3500.pdf, page is rotated 90 deg
rees>] [23 <./Figures/model-dependent_limit_mh125.pdf, page is rotated 90 degre
es> <./Figures/model-dependent_limit_mh125EFT.pdf, page is rotated 90 degrees> 
<./Figures/vlq_bm_1.pdf, page is rotated 90 degrees> <./Figures/vlq_bm_2.pdf, p
age is rotated 90 degrees>]
No file main.bbl.
Package atveryend Info: Empty hook `BeforeClearDocument' on input line 90.
Package atveryend Info: Empty hook `AfterLastShipout' on input line 90.
(./main.aux)
Package atveryend Info: Executing hook `AtVeryEndDocument' on input line 90.
Package atveryend Info: Executing hook `AtEndAfterFileList' on input line 90.
Package rerunfilecheck Info: File `main.out' has not changed.
(rerunfilecheck)             Checksum: C03BD19E0563B04F2C0BFB7748639B1B;1686.


LaTeX Warning: There were undefined references.


LaTeX Warning: There were multiply-defined labels.

Package atveryend Info: Empty hook `AtVeryVeryEnd' on input line 90.
 ) 
Here is how much of TeX's memory you used:
 24643 strings out of 482555
 493529 string characters out of 5952144
 780661 words of memory out of 5000000
 39596 multiletter control sequences out of 15000+600000
 551778 words of font info for 77 fonts, out of 8000000 for 9000
 14 hyphenation exceptions out of 8191
 67i,14n,100p,521b,2114s stack positions out of 5000i,500n,10000p,200000b,80000s
{/usr/share/texlive/texmf-dist/fonts/enc/dvips/cm-super/cm-super-t1.enc}{/usr
/share/texlive/texmf-dist/fonts/enc/dvips/cm-super/cm-super-ts1.enc}</usr/share
/texlive/texmf-dist/fonts/type1/public/amsfonts/cm/cmex10.pfb></usr/share/texli
ve/texmf-dist/fonts/type1/public/amsfonts/cm/cmmi12.pfb></usr/share/texlive/tex
mf-dist/fonts/type1/public/amsfonts/cm/cmmi6.pfb></usr/share/texlive/texmf-dist
/fonts/type1/public/amsfonts/cm/cmmi8.pfb></usr/share/texlive/texmf-dist/fonts/
type1/public/amsfonts/cm/cmr12.pfb></usr/share/texlive/texmf-dist/fonts/type1/p
ublic/amsfonts/cm/cmr17.pfb></usr/share/texlive/texmf-dist/fonts/type1/public/a
msfonts/cm/cmr6.pfb></usr/share/texlive/texmf-dist/fonts/type1/public/amsfonts/
cm/cmr8.pfb></usr/share/texlive/texmf-dist/fonts/type1/public/amsfonts/cm/cmsy1
0.pfb></usr/share/texlive/texmf-dist/fonts/type1/public/amsfonts/cm/cmsy8.pfb><
/usr/share/texlive/texmf-dist/fonts/type1/public/cm-super/sfbx1200.pfb></usr/sh
are/texlive/texmf-dist/fonts/type1/public/cm-super/sfbx1440.pfb></usr/share/tex
live/texmf-dist/fonts/type1/public/cm-super/sfbx1728.pfb></usr/share/texlive/te
xmf-dist/fonts/type1/public/cm-super/sfbx2488.pfb></usr/share/texlive/texmf-dis
t/fonts/type1/public/cm-super/sfrm0600.pfb></usr/share/texlive/texmf-dist/fonts
/type1/public/cm-super/sfrm0800.pfb></usr/share/texlive/texmf-dist/fonts/type1/
public/cm-super/sfrm1095.pfb></usr/share/texlive/texmf-dist/fonts/type1/public/
cm-super/sfrm1200.pfb></usr/share/texlive/texmf-dist/fonts/type1/public/cm-supe
r/sftt0800.pfb></usr/share/texlive/texmf-dist/fonts/type1/public/cm-super/sftt1
200.pfb>
Output written on main.pdf (23 pages, 1827226 bytes).
PDF statistics:
 2713 PDF objects out of 2984 (max. 8388607)
 1302 compressed objects within 14 object streams
 92 named destinations out of 1000 (max. 500000)
 571 words of extra memory for PDF output out of 10000 (max. 10000000)

